checking build system type... x86_64-unknown-linux-gnu
checking host system type... x86_64-unknown-linux-gnu
checking for a BSD-compatible install... /usr/bin/install -c
checking whether build environment is sane... yes
checking for a thread-safe mkdir -p... /bin/mkdir -p
checking for gawk... no
checking for mawk... mawk
checking whether make sets $(MAKE)... yes
checking whether make supports nested variables... yes
checking whether to enable maintainer-specific portions of Makefiles... no
checking for style of include used by make... GNU
checking for gcc... gcc
checking whether the C compiler works... yes
checking for C compiler default output file name... a.out
checking for suffix of executables... 
checking whether we are cross compiling... no
checking for suffix of object files... o
checking whether we are using the GNU C compiler... yes
checking whether gcc accepts -g... yes
checking for gcc option to accept ISO C89... none needed
checking whether gcc understands -c and -o together... yes
checking dependency style of gcc... gcc3
checking for ar... ar
checking the archiver (ar) interface... ar
configure: setting up libtool
checking how to print strings... printf
checking for a sed that does not truncate output... /bin/sed
checking for grep that handles long lines and -e... /bin/grep
checking for egrep... /bin/grep -E
checking for fgrep... /bin/grep -F
checking for ld used by gcc... /usr/bin/ld
checking if the linker (/usr/bin/ld) is GNU ld... yes
checking for BSD- or MS-compatible name lister (nm)... /usr/bin/nm -B
checking the name lister (/usr/bin/nm -B) interface... BSD nm
checking whether ln -s works... yes
checking the maximum length of command line arguments... 1572864
checking whether the shell understands some XSI constructs... yes
checking whether the shell understands "+="... yes
checking how to convert x86_64-unknown-linux-gnu file names to x86_64-unknown-linux-gnu format... func_convert_file_noop
checking how to convert x86_64-unknown-linux-gnu file names to toolchain format... func_convert_file_noop
checking for /usr/bin/ld option to reload object files... -r
checking for objdump... objdump
checking how to recognize dependent libraries... pass_all
checking for dlltool... no
checking how to associate runtime and link libraries... printf %s\n
checking for archiver @FILE support... @
checking for strip... strip
checking for ranlib... ranlib
checking command to parse /usr/bin/nm -B output from gcc object... ok
checking for sysroot... no
checking for mt... no
checking if : is a manifest tool... no
checking how to run the C preprocessor... gcc -E
checking for ANSI C header files... yes
checking for sys/types.h... yes
checking for sys/stat.h... yes
checking for stdlib.h... yes
checking for string.h... yes
checking for memory.h... yes
checking for strings.h... yes
checking for inttypes.h... yes
checking for stdint.h... yes
checking for unistd.h... yes
checking for dlfcn.h... yes
checking for objdir... .libs
checking if gcc supports -fno-rtti -fno-exceptions... no
checking for gcc option to produce PIC... -fPIC -DPIC
checking if gcc PIC flag -fPIC -DPIC works... yes
checking if gcc static flag -static works... yes
checking if gcc supports -c -o file.o... yes
checking if gcc supports -c -o file.o... (cached) yes
checking whether the gcc linker (/usr/bin/ld -m elf_x86_64) supports shared libraries... yes
checking whether -lc should be explicitly linked in... no
checking dynamic linker characteristics... GNU/Linux ld.so
checking how to hardcode library paths into programs... immediate
checking whether stripping libraries is possible... yes
checking if libtool supports shared libraries... yes
checking whether to build shared libraries... yes
checking whether to build static libraries... yes
checking for bash... /bin/bash
checking for gcc... (cached) gcc
checking for g++... g++
checking for gcc option to accept ISO C99... none needed
checking whether we are using the GNU C++ compiler... yes
checking whether g++ accepts -g... yes
checking dependency style of g++... gcc3
checking how to run the C++ preprocessor... g++ -E
checking for ld used by g++... /usr/bin/ld -m elf_x86_64
checking if the linker (/usr/bin/ld -m elf_x86_64) is GNU ld... yes
checking whether the g++ linker (/usr/bin/ld -m elf_x86_64) supports shared libraries... yes
checking for g++ option to produce PIC... -fPIC -DPIC
checking if g++ PIC flag -fPIC -DPIC works... yes
checking if g++ static flag -static works... yes
checking if g++ supports -c -o file.o... yes
checking if g++ supports -c -o file.o... (cached) yes
checking whether the g++ linker (/usr/bin/ld -m elf_x86_64) supports shared libraries... yes
checking dynamic linker characteristics... (cached) GNU/Linux ld.so
checking how to hardcode library paths into programs... immediate
checking for C/C++ restrict keyword... __restrict
checking whether g++ supports C++11 features by default... yes
checking for gcc option to support OpenMP... -fopenmp
checking for ar... (cached) ar
checking for ld... /usr/bin/ld -m elf_x86_64
checking for nm... /usr/bin/nm -B
checking for ar... (cached) ar
checking for as... as
checking for dlltool... false
checking for objdump... (cached) objdump
checking for strip... (cached) strip
checking for ranlib... (cached) ranlib
checking for special C compiler options needed for large files... no
checking for _FILE_OFFSET_BITS value needed for large files... no
checking for stdlib.h... (cached) yes
checking for unistd.h... (cached) yes
checking for sys/param.h... yes
checking for getpagesize... yes
checking for working mmap... yes
checking for malloc in -lmalloc... no
checking for struct stat.st_blksize... yes
checking sys/resource.h usability... yes
checking sys/resource.h presence... yes
checking for sys/resource.h... yes
checking sys/times.h usability... yes
checking sys/times.h presence... yes
checking for sys/times.h... yes
checking malloc.h usability... yes
checking malloc.h presence... yes
checking for malloc.h... yes
checking glob.h usability... yes
checking glob.h presence... yes
checking for glob.h... yes
checking fnmatch.h usability... yes
checking fnmatch.h presence... yes
checking for fnmatch.h... yes
checking wordexp.h usability... yes
checking wordexp.h presence... yes
checking for wordexp.h... yes
checking execinfo.h usability... yes
checking execinfo.h presence... yes
checking for execinfo.h... yes
checking for mallinfo... yes
checking for backtrace... yes
checking for getrlimit... yes
checking for gethostname... yes
checking for floor in -lm... yes
checking whether isnan is declared... yes
checking for sqrtl... yes
checking for feenableexcept... yes
checking for fenv_t.__control... no
checking for fenv_t.__mxcsr... yes
checking for DATA support... 
checking if compiler needs -Werror to reject unknown flags... no
checking for the pthreads library -lpthreads... no
checking whether pthreads work without any flags... yes
checking for joinable pthread attribute... PTHREAD_CREATE_JOINABLE
checking if more special flags are required for pthreads... no
checking for PTHREAD_PRIO_INHERIT... yes
CC:gcc CFLAGS:-fPIC -fopenmp  LIBS: -lm 
checking for szlib library... suppressed
checking hdf5.h usability... no
checking hdf5.h presence... no
checking for hdf5.h... no
checking for library containing H5Fopen... no
Making all in libcdi
make[1]: Entering directory '/opt/render/project/src/child-processes/cdo-1.9.1/libcdi'
Making all in src
make[2]: Entering directory '/opt/render/project/src/child-processes/cdo-1.9.1/libcdi/src'
make  all-am
make[3]: Entering directory '/opt/render/project/src/child-processes/cdo-1.9.1/libcdi/src'
make[3]: Nothing to be done for 'all-am'.
make[3]: Leaving directory '/opt/render/project/src/child-processes/cdo-1.9.1/libcdi/src'
make[2]: Leaving directory '/opt/render/project/src/child-processes/cdo-1.9.1/libcdi/src'
Making all in interfaces
make[2]: Entering directory '/opt/render/project/src/child-processes/cdo-1.9.1/libcdi/interfaces'
make[2]: Nothing to be done for 'all'.
make[2]: Leaving directory '/opt/render/project/src/child-processes/cdo-1.9.1/libcdi/interfaces'
Making all in app
make[2]: Entering directory '/opt/render/project/src/child-processes/cdo-1.9.1/libcdi/app'
make[2]: Nothing to be done for 'all'.
make[2]: Leaving directory '/opt/render/project/src/child-processes/cdo-1.9.1/libcdi/app'
Making all in examples
make[2]: Entering directory '/opt/render/project/src/child-processes/cdo-1.9.1/libcdi/examples'
make[2]: Nothing to be done for 'all'.
make[2]: Leaving directory '/opt/render/project/src/child-processes/cdo-1.9.1/libcdi/examples'
Making all in examples/pio
make[2]: Entering directory '/opt/render/project/src/child-processes/cdo-1.9.1/libcdi/examples/pio'
make[2]: Nothing to be done for 'all'.
make[2]: Leaving directory '/opt/render/project/src/child-processes/cdo-1.9.1/libcdi/examples/pio'
Making all in tests
make[2]: Entering directory '/opt/render/project/src/child-processes/cdo-1.9.1/libcdi/tests'
make[2]: Nothing to be done for 'all'.
make[2]: Leaving directory '/opt/render/project/src/child-processes/cdo-1.9.1/libcdi/tests'
make[2]: Entering directory '/opt/render/project/src/child-processes/cdo-1.9.1/libcdi'
make[2]: Nothing to be done for 'all-am'.
make[2]: Leaving directory '/opt/render/project/src/child-processes/cdo-1.9.1/libcdi'
make[1]: Leaving directory '/opt/render/project/src/child-processes/cdo-1.9.1/libcdi'
Making all in src
make[1]: Entering directory '/opt/render/project/src/child-processes/cdo-1.9.1/src'
make  all-am
make[2]: Entering directory '/opt/render/project/src/child-processes/cdo-1.9.1/src'
/bin/bash ../libtool  --tag=CXX   --mode=compile g++ -DHAVE_CONFIG_H -I.  -I../libcdi/src -I/usr/include   -g -O2 -fopenmp  -MT libcdo_la-modules.lo -MD -MP -MF .deps/libcdo_la-modules.Tpo -c -o libcdo_la-modules.lo `test -f 'modules.cc' || echo './'`modules.cc
libtool: compile:  g++ -DHAVE_CONFIG_H -I. -I../libcdi/src -I/usr/include -g -O2 -fopenmp -MT libcdo_la-modules.lo -MD -MP -MF .deps/libcdo_la-modules.Tpo -c modules.cc  -fPIC -DPIC -o .libs/libcdo_la-modules.o
make[2]: Leaving directory '/opt/render/project/src/child-processes/cdo-1.9.1/src'
make[1]: Leaving directory '/opt/render/project/src/child-processes/cdo-1.9.1/src'
checking build system type... x86_64-unknown-linux-gnu
checking host system type... x86_64-unknown-linux-gnu
checking for a BSD-compatible install... /usr/bin/install -c
checking whether build environment is sane... yes
checking for a thread-safe mkdir -p... /bin/mkdir -p
checking for gawk... no
checking for mawk... mawk
checking whether make sets $(MAKE)... yes
checking whether make supports nested variables... yes
checking whether to enable maintainer-specific portions of Makefiles... no
checking for style of include used by make... GNU
checking for gcc... gcc
checking whether the C compiler works... yes
checking for C compiler default output file name... a.out
checking for suffix of executables... 
checking whether we are cross compiling... no
checking for suffix of object files... o
checking whether we are using the GNU C compiler... yes
checking whether gcc accepts -g... yes
checking for gcc option to accept ISO C89... none needed
checking whether gcc understands -c and -o together... yes
checking dependency style of gcc... gcc3
checking for ar... ar
checking the archiver (ar) interface... ar
configure: setting up libtool
checking how to print strings... printf
checking for a sed that does not truncate output... /bin/sed
checking for grep that handles long lines and -e... /bin/grep
checking for egrep... /bin/grep -E
checking for fgrep... /bin/grep -F
checking for ld used by gcc... /usr/bin/ld
checking if the linker (/usr/bin/ld) is GNU ld... yes
checking for BSD- or MS-compatible name lister (nm)... /usr/bin/nm -B
checking the name lister (/usr/bin/nm -B) interface... BSD nm
checking whether ln -s works... yes
checking the maximum length of command line arguments... 1572864
checking whether the shell understands some XSI constructs... yes
checking whether the shell understands "+="... yes
checking how to convert x86_64-unknown-linux-gnu file names to x86_64-unknown-linux-gnu format... func_convert_file_noop
checking how to convert x86_64-unknown-linux-gnu file names to toolchain format... func_convert_file_noop
checking for /usr/bin/ld option to reload object files... -r
checking for objdump... objdump
checking how to recognize dependent libraries... pass_all
checking for dlltool... no
checking how to associate runtime and link libraries... printf %s\n
checking for archiver @FILE support... @
checking for strip... strip
checking for ranlib... ranlib
checking command to parse /usr/bin/nm -B output from gcc object... ok
checking for sysroot... no
checking for mt... no
checking if : is a manifest tool... no
checking how to run the C preprocessor... gcc -E
checking for ANSI C header files... yes
checking for sys/types.h... yes
checking for sys/stat.h... yes
checking for stdlib.h... yes
checking for string.h... yes
checking for memory.h... yes
checking for strings.h... yes
checking for inttypes.h... yes
checking for stdint.h... yes
checking for unistd.h... yes
checking for dlfcn.h... yes
checking for objdir... .libs
checking if gcc supports -fno-rtti -fno-exceptions... no
checking for gcc option to produce PIC... -fPIC -DPIC
checking if gcc PIC flag -fPIC -DPIC works... yes
checking if gcc static flag -static works... yes
checking if gcc supports -c -o file.o... yes
checking if gcc supports -c -o file.o... (cached) yes
checking whether the gcc linker (/usr/bin/ld -m elf_x86_64) supports shared libraries... yes
checking whether -lc should be explicitly linked in... no
checking dynamic linker characteristics... GNU/Linux ld.so
checking how to hardcode library paths into programs... immediate
checking whether stripping libraries is possible... yes
checking if libtool supports shared libraries... yes
checking whether to build shared libraries... yes
checking whether to build static libraries... yes
checking for bash... /bin/bash
checking for gcc... (cached) gcc
checking for g++... g++
checking for gcc option to accept ISO C99... none needed
checking whether we are using the GNU C++ compiler... yes
checking whether g++ accepts -g... yes
checking dependency style of g++... gcc3
checking how to run the C++ preprocessor... g++ -E
checking for ld used by g++... /usr/bin/ld -m elf_x86_64
checking if the linker (/usr/bin/ld -m elf_x86_64) is GNU ld... yes
checking whether the g++ linker (/usr/bin/ld -m elf_x86_64) supports shared libraries... yes
checking for g++ option to produce PIC... -fPIC -DPIC
checking if g++ PIC flag -fPIC -DPIC works... yes
checking if g++ static flag -static works... yes
checking if g++ supports -c -o file.o... yes
checking if g++ supports -c -o file.o... (cached) yes
checking whether the g++ linker (/usr/bin/ld -m elf_x86_64) supports shared libraries... yes
checking dynamic linker characteristics... (cached) GNU/Linux ld.so
checking how to hardcode library paths into programs... immediate
checking for C/C++ restrict keyword... __restrict
checking whether g++ supports C++11 features by default... yes
checking for gcc option to support OpenMP... -fopenmp
checking for ar... (cached) ar
checking for ld... /usr/bin/ld -m elf_x86_64
checking for nm... /usr/bin/nm -B
checking for ar... (cached) ar
checking for as... as
checking for dlltool... false
checking for objdump... (cached) objdump
checking for strip... (cached) strip
checking for ranlib... (cached) ranlib
checking for special C compiler options needed for large files... no
checking for _FILE_OFFSET_BITS value needed for large files... no
checking for stdlib.h... (cached) yes
checking for unistd.h... (cached) yes
checking for sys/param.h... yes
checking for getpagesize... yes
checking for working mmap... yes
checking for malloc in -lmalloc... no
checking for struct stat.st_blksize... yes
checking sys/resource.h usability... yes
checking sys/resource.h presence... yes
checking for sys/resource.h... yes
checking sys/times.h usability... yes
checking sys/times.h presence... yes
checking for sys/times.h... yes
checking malloc.h usability... yes
checking malloc.h presence... yes
checking for malloc.h... yes
checking glob.h usability... yes
checking glob.h presence... yes
checking for glob.h... yes
checking fnmatch.h usability... yes
checking fnmatch.h presence... yes
checking for fnmatch.h... yes
checking wordexp.h usability... yes
checking wordexp.h presence... yes
checking for wordexp.h... yes
checking execinfo.h usability... yes
checking execinfo.h presence... yes
checking for execinfo.h... yes
checking for mallinfo... yes
checking for backtrace... yes
checking for getrlimit... yes
checking for gethostname... yes
checking for floor in -lm... yes
checking whether isnan is declared... yes
checking for sqrtl... yes
checking for feenableexcept... yes
checking for fenv_t.__control... no
checking for fenv_t.__mxcsr... yes
checking for DATA support... 
checking if compiler needs -Werror to reject unknown flags... no
checking for the pthreads library -lpthreads... no
checking whether pthreads work without any flags... yes
checking for joinable pthread attribute... PTHREAD_CREATE_JOINABLE
checking if more special flags are required for pthreads... no
checking for PTHREAD_PRIO_INHERIT... yes
CC:gcc CFLAGS:-fPIC -fopenmp  LIBS: -lm 
checking for szlib library... suppressed
checking hdf5.h usability... no
checking hdf5.h presence... no
checking for hdf5.h... no
checking for library containing H5Fopen... no
Making all in libcdi
make[1]: Entering directory '/opt/render/project/src/child-processes/cdo-1.9.1/libcdi'
Making all in src
make[2]: Entering directory '/opt/render/project/src/child-processes/cdo-1.9.1/libcdi/src'
make  all-am
make[3]: Entering directory '/opt/render/project/src/child-processes/cdo-1.9.1/libcdi/src'
make[3]: Nothing to be done for 'all-am'.
make[3]: Leaving directory '/opt/render/project/src/child-processes/cdo-1.9.1/libcdi/src'
make[2]: Leaving directory '/opt/render/project/src/child-processes/cdo-1.9.1/libcdi/src'
Making all in interfaces
make[2]: Entering directory '/opt/render/project/src/child-processes/cdo-1.9.1/libcdi/interfaces'
make[2]: Nothing to be done for 'all'.
make[2]: Leaving directory '/opt/render/project/src/child-processes/cdo-1.9.1/libcdi/interfaces'
Making all in app
make[2]: Entering directory '/opt/render/project/src/child-processes/cdo-1.9.1/libcdi/app'
make[2]: Nothing to be done for 'all'.
make[2]: Leaving directory '/opt/render/project/src/child-processes/cdo-1.9.1/libcdi/app'
Making all in examples
make[2]: Entering directory '/opt/render/project/src/child-processes/cdo-1.9.1/libcdi/examples'
make[2]: Nothing to be done for 'all'.
make[2]: Leaving directory '/opt/render/project/src/child-processes/cdo-1.9.1/libcdi/examples'
Making all in examples/pio
make[2]: Entering directory '/opt/render/project/src/child-processes/cdo-1.9.1/libcdi/examples/pio'
make[2]: Nothing to be done for 'all'.
make[2]: Leaving directory '/opt/render/project/src/child-processes/cdo-1.9.1/libcdi/examples/pio'
Making all in tests
make[2]: Entering directory '/opt/render/project/src/child-processes/cdo-1.9.1/libcdi/tests'
make[2]: Nothing to be done for 'all'.
make[2]: Leaving directory '/opt/render/project/src/child-processes/cdo-1.9.1/libcdi/tests'
make[2]: Entering directory '/opt/render/project/src/child-processes/cdo-1.9.1/libcdi'
make[2]: Nothing to be done for 'all-am'.
make[2]: Leaving directory '/opt/render/project/src/child-processes/cdo-1.9.1/libcdi'
make[1]: Leaving directory '/opt/render/project/src/child-processes/cdo-1.9.1/libcdi'
Making all in src
make[1]: Entering directory '/opt/render/project/src/child-processes/cdo-1.9.1/src'
make  all-am
make[2]: Entering directory '/opt/render/project/src/child-processes/cdo-1.9.1/src'
/bin/bash ../libtool  --tag=CXX   --mode=compile g++ -DHAVE_CONFIG_H -I.  -I../libcdi/src -I/usr/include   -g -O2 -fopenmp  -MT libcdo_la-argument.lo -MD -MP -MF .deps/libcdo_la-argument.Tpo -c -o libcdo_la-argument.lo `test -f 'argument.cc' || echo './'`argument.cc
libtool: compile:  g++ -DHAVE_CONFIG_H -I. -I../libcdi/src -I/usr/include -g -O2 -fopenmp -MT libcdo_la-argument.lo -MD -MP -MF .deps/libcdo_la-argument.Tpo -c argument.cc  -fPIC -DPIC -o .libs/libcdo_la-argument.o
libtool: compile:  g++ -DHAVE_CONFIG_H -I. -I../libcdi/src -I/usr/include -g -O2 -fopenmp -MT libcdo_la-argument.lo -MD -MP -MF .deps/libcdo_la-argument.Tpo -c argument.cc -o libcdo_la-argument.o >/dev/null 2>&1
mv -f .deps/libcdo_la-argument.Tpo .deps/libcdo_la-argument.Plo
/bin/bash ../libtool  --tag=CXX   --mode=compile g++ -DHAVE_CONFIG_H -I.  -I../libcdi/src -I/usr/include   -g -O2 -fopenmp  -MT libcdo_la-cdo_vlist.lo -MD -MP -MF .deps/libcdo_la-cdo_vlist.Tpo -c -o libcdo_la-cdo_vlist.lo `test -f 'cdo_vlist.cc' || echo './'`cdo_vlist.cc
libtool: compile:  g++ -DHAVE_CONFIG_H -I. -I../libcdi/src -I/usr/include -g -O2 -fopenmp -MT libcdo_la-cdo_vlist.lo -MD -MP -MF .deps/libcdo_la-cdo_vlist.Tpo -c cdo_vlist.cc  -fPIC -DPIC -o .libs/libcdo_la-cdo_vlist.o
libtool: compile:  g++ -DHAVE_CONFIG_H -I. -I../libcdi/src -I/usr/include -g -O2 -fopenmp -MT libcdo_la-cdo_vlist.lo -MD -MP -MF .deps/libcdo_la-cdo_vlist.Tpo -c cdo_vlist.cc -o libcdo_la-cdo_vlist.o >/dev/null 2>&1
mv -f .deps/libcdo_la-cdo_vlist.Tpo .deps/libcdo_la-cdo_vlist.Plo
/bin/bash ../libtool  --tag=CXX   --mode=compile g++ -DHAVE_CONFIG_H -I.  -I../libcdi/src -I/usr/include   -g -O2 -fopenmp  -MT libcdo_la-cdo_getopt.lo -MD -MP -MF .deps/libcdo_la-cdo_getopt.Tpo -c -o libcdo_la-cdo_getopt.lo `test -f 'cdo_getopt.cc' || echo './'`cdo_getopt.cc
libtool: compile:  g++ -DHAVE_CONFIG_H -I. -I../libcdi/src -I/usr/include -g -O2 -fopenmp -MT libcdo_la-cdo_getopt.lo -MD -MP -MF .deps/libcdo_la-cdo_getopt.Tpo -c cdo_getopt.cc  -fPIC -DPIC -o .libs/libcdo_la-cdo_getopt.o
libtool: compile:  g++ -DHAVE_CONFIG_H -I. -I../libcdi/src -I/usr/include -g -O2 -fopenmp -MT libcdo_la-cdo_getopt.lo -MD -MP -MF .deps/libcdo_la-cdo_getopt.Tpo -c cdo_getopt.cc -o libcdo_la-cdo_getopt.o >/dev/null 2>&1
mv -f .deps/libcdo_la-cdo_getopt.Tpo .deps/libcdo_la-cdo_getopt.Plo
/bin/bash ../libtool  --tag=CXX   --mode=compile g++ -DHAVE_CONFIG_H -I.  -I../libcdi/src -I/usr/include   -g -O2 -fopenmp  -MT libcdo_la-cdo_history.lo -MD -MP -MF .deps/libcdo_la-cdo_history.Tpo -c -o libcdo_la-cdo_history.lo `test -f 'cdo_history.cc' || echo './'`cdo_history.cc
libtool: compile:  g++ -DHAVE_CONFIG_H -I. -I../libcdi/src -I/usr/include -g -O2 -fopenmp -MT libcdo_la-cdo_history.lo -MD -MP -MF .deps/libcdo_la-cdo_history.Tpo -c cdo_history.cc  -fPIC -DPIC -o .libs/libcdo_la-cdo_history.o
libtool: compile:  g++ -DHAVE_CONFIG_H -I. -I../libcdi/src -I/usr/include -g -O2 -fopenmp -MT libcdo_la-cdo_history.lo -MD -MP -MF .deps/libcdo_la-cdo_history.Tpo -c cdo_history.cc -o libcdo_la-cdo_history.o >/dev/null 2>&1
mv -f .deps/libcdo_la-cdo_history.Tpo .deps/libcdo_la-cdo_history.Plo
/bin/bash ../libtool  --tag=CXX   --mode=compile g++ -DHAVE_CONFIG_H -I.  -I../libcdi/src -I/usr/include   -g -O2 -fopenmp  -MT libcdo_la-cdo_read.lo -MD -MP -MF .deps/libcdo_la-cdo_read.Tpo -c -o libcdo_la-cdo_read.lo `test -f 'cdo_read.cc' || echo './'`cdo_read.cc
libtool: compile:  g++ -DHAVE_CONFIG_H -I. -I../libcdi/src -I/usr/include -g -O2 -fopenmp -MT libcdo_la-cdo_read.lo -MD -MP -MF .deps/libcdo_la-cdo_read.Tpo -c cdo_read.cc  -fPIC -DPIC -o .libs/libcdo_la-cdo_read.o
libtool: compile:  g++ -DHAVE_CONFIG_H -I. -I../libcdi/src -I/usr/include -g -O2 -fopenmp -MT libcdo_la-cdo_read.lo -MD -MP -MF .deps/libcdo_la-cdo_read.Tpo -c cdo_read.cc -o libcdo_la-cdo_read.o >/dev/null 2>&1
mv -f .deps/libcdo_la-cdo_read.Tpo .deps/libcdo_la-cdo_read.Plo
/bin/bash ../libtool  --tag=CXX   --mode=compile g++ -DHAVE_CONFIG_H -I.  -I../libcdi/src -I/usr/include   -g -O2 -fopenmp  -MT libcdo_la-cmortable_parser.lo -MD -MP -MF .deps/libcdo_la-cmortable_parser.Tpo -c -o libcdo_la-cmortable_parser.lo `test -f 'cmortable_parser.cc' || echo './'`cmortable_parser.cc
libtool: compile:  g++ -DHAVE_CONFIG_H -I. -I../libcdi/src -I/usr/include -g -O2 -fopenmp -MT libcdo_la-cmortable_parser.lo -MD -MP -MF .deps/libcdo_la-cmortable_parser.Tpo -c cmortable_parser.cc  -fPIC -DPIC -o .libs/libcdo_la-cmortable_parser.o
libtool: compile:  g++ -DHAVE_CONFIG_H -I. -I../libcdi/src -I/usr/include -g -O2 -fopenmp -MT libcdo_la-cmortable_parser.lo -MD -MP -MF .deps/libcdo_la-cmortable_parser.Tpo -c cmortable_parser.cc -o libcdo_la-cmortable_parser.o >/dev/null 2>&1
mv -f .deps/libcdo_la-cmortable_parser.Tpo .deps/libcdo_la-cmortable_parser.Plo
/bin/bash ../libtool  --tag=CXX   --mode=compile g++ -DHAVE_CONFIG_H -I.  -I../libcdi/src -I/usr/include   -g -O2 -fopenmp  -MT libcdo_la-after_fctrans.lo -MD -MP -MF .deps/libcdo_la-after_fctrans.Tpo -c -o libcdo_la-after_fctrans.lo `test -f 'after_fctrans.cc' || echo './'`after_fctrans.cc
libtool: compile:  g++ -DHAVE_CONFIG_H -I. -I../libcdi/src -I/usr/include -g -O2 -fopenmp -MT libcdo_la-after_fctrans.lo -MD -MP -MF .deps/libcdo_la-after_fctrans.Tpo -c after_fctrans.cc  -fPIC -DPIC -o .libs/libcdo_la-after_fctrans.o
libtool: compile:  g++ -DHAVE_CONFIG_H -I. -I../libcdi/src -I/usr/include -g -O2 -fopenmp -MT libcdo_la-after_fctrans.lo -MD -MP -MF .deps/libcdo_la-after_fctrans.Tpo -c after_fctrans.cc -o libcdo_la-after_fctrans.o >/dev/null 2>&1
mv -f .deps/libcdo_la-after_fctrans.Tpo .deps/libcdo_la-after_fctrans.Plo
/bin/bash ../libtool  --tag=CXX   --mode=compile g++ -DHAVE_CONFIG_H -I.  -I../libcdi/src -I/usr/include   -g -O2 -fopenmp  -MT libcdo_la-after_vertint.lo -MD -MP -MF .deps/libcdo_la-after_vertint.Tpo -c -o libcdo_la-after_vertint.lo `test -f 'after_vertint.cc' || echo './'`after_vertint.cc
libtool: compile:  g++ -DHAVE_CONFIG_H -I. -I../libcdi/src -I/usr/include -g -O2 -fopenmp -MT libcdo_la-after_vertint.lo -MD -MP -MF .deps/libcdo_la-after_vertint.Tpo -c after_vertint.cc  -fPIC -DPIC -o .libs/libcdo_la-after_vertint.o
libtool: compile:  g++ -DHAVE_CONFIG_H -I. -I../libcdi/src -I/usr/include -g -O2 -fopenmp -MT libcdo_la-after_vertint.lo -MD -MP -MF .deps/libcdo_la-after_vertint.Tpo -c after_vertint.cc -o libcdo_la-after_vertint.o >/dev/null 2>&1
mv -f .deps/libcdo_la-after_vertint.Tpo .deps/libcdo_la-after_vertint.Plo
/bin/bash ../libtool  --tag=CXX   --mode=compile g++ -DHAVE_CONFIG_H -I.  -I../libcdi/src -I/usr/include   -g -O2 -fopenmp  -MT libcdo_la-afterburnerlib.lo -MD -MP -MF .deps/libcdo_la-afterburnerlib.Tpo -c -o libcdo_la-afterburnerlib.lo `test -f 'afterburnerlib.cc' || echo './'`afterburnerlib.cc
libtool: compile:  g++ -DHAVE_CONFIG_H -I. -I../libcdi/src -I/usr/include -g -O2 -fopenmp -MT libcdo_la-afterburnerlib.lo -MD -MP -MF .deps/libcdo_la-afterburnerlib.Tpo -c afterburnerlib.cc  -fPIC -DPIC -o .libs/libcdo_la-afterburnerlib.o
libtool: compile:  g++ -DHAVE_CONFIG_H -I. -I../libcdi/src -I/usr/include -g -O2 -fopenmp -MT libcdo_la-afterburnerlib.lo -MD -MP -MF .deps/libcdo_la-afterburnerlib.Tpo -c afterburnerlib.cc -o libcdo_la-afterburnerlib.o >/dev/null 2>&1
mv -f .deps/libcdo_la-afterburnerlib.Tpo .deps/libcdo_la-afterburnerlib.Plo
/bin/bash ../libtool  --tag=CXX   --mode=compile g++ -DHAVE_CONFIG_H -I.  -I../libcdi/src -I/usr/include   -g -O2 -fopenmp  -MT libcdo_la-convert_units.lo -MD -MP -MF .deps/libcdo_la-convert_units.Tpo -c -o libcdo_la-convert_units.lo `test -f 'convert_units.cc' || echo './'`convert_units.cc
libtool: compile:  g++ -DHAVE_CONFIG_H -I. -I../libcdi/src -I/usr/include -g -O2 -fopenmp -MT libcdo_la-convert_units.lo -MD -MP -MF .deps/libcdo_la-convert_units.Tpo -c convert_units.cc  -fPIC -DPIC -o .libs/libcdo_la-convert_units.o
libtool: compile:  g++ -DHAVE_CONFIG_H -I. -I../libcdi/src -I/usr/include -g -O2 -fopenmp -MT libcdo_la-convert_units.lo -MD -MP -MF .deps/libcdo_la-convert_units.Tpo -c convert_units.cc -o libcdo_la-convert_units.o >/dev/null 2>&1
mv -f .deps/libcdo_la-convert_units.Tpo .deps/libcdo_la-convert_units.Plo
/bin/bash ../libtool  --tag=CXX   --mode=compile g++ -DHAVE_CONFIG_H -I.  -I../libcdi/src -I/usr/include   -g -O2 -fopenmp  -MT libcdo_la-datetime.lo -MD -MP -MF .deps/libcdo_la-datetime.Tpo -c -o libcdo_la-datetime.lo `test -f 'datetime.cc' || echo './'`datetime.cc
libtool: compile:  g++ -DHAVE_CONFIG_H -I. -I../libcdi/src -I/usr/include -g -O2 -fopenmp -MT libcdo_la-datetime.lo -MD -MP -MF .deps/libcdo_la-datetime.Tpo -c datetime.cc  -fPIC -DPIC -o .libs/libcdo_la-datetime.o
libtool: compile:  g++ -DHAVE_CONFIG_H -I. -I../libcdi/src -I/usr/include -g -O2 -fopenmp -MT libcdo_la-datetime.lo -MD -MP -MF .deps/libcdo_la-datetime.Tpo -c datetime.cc -o libcdo_la-datetime.o >/dev/null 2>&1
mv -f .deps/libcdo_la-datetime.Tpo .deps/libcdo_la-datetime.Plo
/bin/bash ../libtool  --tag=CXX   --mode=compile g++ -DHAVE_CONFIG_H -I.  -I../libcdi/src -I/usr/include   -g -O2 -fopenmp  -MT libcdo_la-ecacore.lo -MD -MP -MF .deps/libcdo_la-ecacore.Tpo -c -o libcdo_la-ecacore.lo `test -f 'ecacore.cc' || echo './'`ecacore.cc
libtool: compile:  g++ -DHAVE_CONFIG_H -I. -I../libcdi/src -I/usr/include -g -O2 -fopenmp -MT libcdo_la-ecacore.lo -MD -MP -MF .deps/libcdo_la-ecacore.Tpo -c ecacore.cc  -fPIC -DPIC -o .libs/libcdo_la-ecacore.o
libtool: compile:  g++ -DHAVE_CONFIG_H -I. -I../libcdi/src -I/usr/include -g -O2 -fopenmp -MT libcdo_la-ecacore.lo -MD -MP -MF .deps/libcdo_la-ecacore.Tpo -c ecacore.cc -o libcdo_la-ecacore.o >/dev/null 2>&1
mv -f .deps/libcdo_la-ecacore.Tpo .deps/libcdo_la-ecacore.Plo
/bin/bash ../libtool  --tag=CXX   --mode=compile g++ -DHAVE_CONFIG_H -I.  -I../libcdi/src -I/usr/include   -g -O2 -fopenmp  -MT libcdo_la-ecautil.lo -MD -MP -MF .deps/libcdo_la-ecautil.Tpo -c -o libcdo_la-ecautil.lo `test -f 'ecautil.cc' || echo './'`ecautil.cc
libtool: compile:  g++ -DHAVE_CONFIG_H -I. -I../libcdi/src -I/usr/include -g -O2 -fopenmp -MT libcdo_la-ecautil.lo -MD -MP -MF .deps/libcdo_la-ecautil.Tpo -c ecautil.cc  -fPIC -DPIC -o .libs/libcdo_la-ecautil.o
libtool: compile:  g++ -DHAVE_CONFIG_H -I. -I../libcdi/src -I/usr/include -g -O2 -fopenmp -MT libcdo_la-ecautil.lo -MD -MP -MF .deps/libcdo_la-ecautil.Tpo -c ecautil.cc -o libcdo_la-ecautil.o >/dev/null 2>&1
mv -f .deps/libcdo_la-ecautil.Tpo .deps/libcdo_la-ecautil.Plo
/bin/bash ../libtool  --tag=CXX   --mode=compile g++ -DHAVE_CONFIG_H -I.  -I../libcdi/src -I/usr/include   -g -O2 -fopenmp  -MT libcdo_la-exception.lo -MD -MP -MF .deps/libcdo_la-exception.Tpo -c -o libcdo_la-exception.lo `test -f 'exception.cc' || echo './'`exception.cc
libtool: compile:  g++ -DHAVE_CONFIG_H -I. -I../libcdi/src -I/usr/include -g -O2 -fopenmp -MT libcdo_la-exception.lo -MD -MP -MF .deps/libcdo_la-exception.Tpo -c exception.cc  -fPIC -DPIC -o .libs/libcdo_la-exception.o
libtool: compile:  g++ -DHAVE_CONFIG_H -I. -I../libcdi/src -I/usr/include -g -O2 -fopenmp -MT libcdo_la-exception.lo -MD -MP -MF .deps/libcdo_la-exception.Tpo -c exception.cc -o libcdo_la-exception.o >/dev/null 2>&1
mv -f .deps/libcdo_la-exception.Tpo .deps/libcdo_la-exception.Plo
/bin/bash ../libtool  --tag=CXX   --mode=compile g++ -DHAVE_CONFIG_H -I.  -I../libcdi/src -I/usr/include   -g -O2 -fopenmp  -MT libcdo_la-expr.lo -MD -MP -MF .deps/libcdo_la-expr.Tpo -c -o libcdo_la-expr.lo `test -f 'expr.cc' || echo './'`expr.cc
libtool: compile:  g++ -DHAVE_CONFIG_H -I. -I../libcdi/src -I/usr/include -g -O2 -fopenmp -MT libcdo_la-expr.lo -MD -MP -MF .deps/libcdo_la-expr.Tpo -c expr.cc  -fPIC -DPIC -o .libs/libcdo_la-expr.o
libtool: compile:  g++ -DHAVE_CONFIG_H -I. -I../libcdi/src -I/usr/include -g -O2 -fopenmp -MT libcdo_la-expr.lo -MD -MP -MF .deps/libcdo_la-expr.Tpo -c expr.cc -o libcdo_la-expr.o >/dev/null 2>&1
mv -f .deps/libcdo_la-expr.Tpo .deps/libcdo_la-expr.Plo
/bin/bash ../libtool  --tag=CXX   --mode=compile g++ -DHAVE_CONFIG_H -I.  -I../libcdi/src -I/usr/include   -g -O2 -fopenmp  -MT libcdo_la-expr_fun.lo -MD -MP -MF .deps/libcdo_la-expr_fun.Tpo -c -o libcdo_la-expr_fun.lo `test -f 'expr_fun.cc' || echo './'`expr_fun.cc
libtool: compile:  g++ -DHAVE_CONFIG_H -I. -I../libcdi/src -I/usr/include -g -O2 -fopenmp -MT libcdo_la-expr_fun.lo -MD -MP -MF .deps/libcdo_la-expr_fun.Tpo -c expr_fun.cc  -fPIC -DPIC -o .libs/libcdo_la-expr_fun.o
libtool: compile:  g++ -DHAVE_CONFIG_H -I. -I../libcdi/src -I/usr/include -g -O2 -fopenmp -MT libcdo_la-expr_fun.lo -MD -MP -MF .deps/libcdo_la-expr_fun.Tpo -c expr_fun.cc -o libcdo_la-expr_fun.o >/dev/null 2>&1
mv -f .deps/libcdo_la-expr_fun.Tpo .deps/libcdo_la-expr_fun.Plo
/bin/bash ../libtool  --tag=CXX   --mode=compile g++ -DHAVE_CONFIG_H -I.  -I../libcdi/src -I/usr/include   -g -O2 -fopenmp  -MT libcdo_la-features.lo -MD -MP -MF .deps/libcdo_la-features.Tpo -c -o libcdo_la-features.lo `test -f 'features.cc' || echo './'`features.cc
libtool: compile:  g++ -DHAVE_CONFIG_H -I. -I../libcdi/src -I/usr/include -g -O2 -fopenmp -MT libcdo_la-features.lo -MD -MP -MF .deps/libcdo_la-features.Tpo -c features.cc  -fPIC -DPIC -o .libs/libcdo_la-features.o
libtool: compile:  g++ -DHAVE_CONFIG_H -I. -I../libcdi/src -I/usr/include -g -O2 -fopenmp -MT libcdo_la-features.lo -MD -MP -MF .deps/libcdo_la-features.Tpo -c features.cc -o libcdo_la-features.o >/dev/null 2>&1
mv -f .deps/libcdo_la-features.Tpo .deps/libcdo_la-features.Plo
/bin/bash ../libtool  --tag=CXX   --mode=compile g++ -DHAVE_CONFIG_H -I.  -I../libcdi/src -I/usr/include   -g -O2 -fopenmp  -MT libcdo_la-field.lo -MD -MP -MF .deps/libcdo_la-field.Tpo -c -o libcdo_la-field.lo `test -f 'field.cc' || echo './'`field.cc
libtool: compile:  g++ -DHAVE_CONFIG_H -I. -I../libcdi/src -I/usr/include -g -O2 -fopenmp -MT libcdo_la-field.lo -MD -MP -MF .deps/libcdo_la-field.Tpo -c field.cc  -fPIC -DPIC -o .libs/libcdo_la-field.o
libtool: compile:  g++ -DHAVE_CONFIG_H -I. -I../libcdi/src -I/usr/include -g -O2 -fopenmp -MT libcdo_la-field.lo -MD -MP -MF .deps/libcdo_la-field.Tpo -c field.cc -o libcdo_la-field.o >/dev/null 2>&1
mv -f .deps/libcdo_la-field.Tpo .deps/libcdo_la-field.Plo
/bin/bash ../libtool  --tag=CXX   --mode=compile g++ -DHAVE_CONFIG_H -I.  -I../libcdi/src -I/usr/include   -g -O2 -fopenmp  -MT libcdo_la-field2.lo -MD -MP -MF .deps/libcdo_la-field2.Tpo -c -o libcdo_la-field2.lo `test -f 'field2.cc' || echo './'`field2.cc
libtool: compile:  g++ -DHAVE_CONFIG_H -I. -I../libcdi/src -I/usr/include -g -O2 -fopenmp -MT libcdo_la-field2.lo -MD -MP -MF .deps/libcdo_la-field2.Tpo -c field2.cc  -fPIC -DPIC -o .libs/libcdo_la-field2.o
libtool: compile:  g++ -DHAVE_CONFIG_H -I. -I../libcdi/src -I/usr/include -g -O2 -fopenmp -MT libcdo_la-field2.lo -MD -MP -MF .deps/libcdo_la-field2.Tpo -c field2.cc -o libcdo_la-field2.o >/dev/null 2>&1
mv -f .deps/libcdo_la-field2.Tpo .deps/libcdo_la-field2.Plo
/bin/bash ../libtool  --tag=CXX   --mode=compile g++ -DHAVE_CONFIG_H -I.  -I../libcdi/src -I/usr/include   -g -O2 -fopenmp  -MT libcdo_la-fieldc.lo -MD -MP -MF .deps/libcdo_la-fieldc.Tpo -c -o libcdo_la-fieldc.lo `test -f 'fieldc.cc' || echo './'`fieldc.cc
libtool: compile:  g++ -DHAVE_CONFIG_H -I. -I../libcdi/src -I/usr/include -g -O2 -fopenmp -MT libcdo_la-fieldc.lo -MD -MP -MF .deps/libcdo_la-fieldc.Tpo -c fieldc.cc  -fPIC -DPIC -o .libs/libcdo_la-fieldc.o
libtool: compile:  g++ -DHAVE_CONFIG_H -I. -I../libcdi/src -I/usr/include -g -O2 -fopenmp -MT libcdo_la-fieldc.lo -MD -MP -MF .deps/libcdo_la-fieldc.Tpo -c fieldc.cc -o libcdo_la-fieldc.o >/dev/null 2>&1
mv -f .deps/libcdo_la-fieldc.Tpo .deps/libcdo_la-fieldc.Plo
/bin/bash ../libtool  --tag=CXX   --mode=compile g++ -DHAVE_CONFIG_H -I.  -I../libcdi/src -I/usr/include   -g -O2 -fopenmp  -MT libcdo_la-fieldmem.lo -MD -MP -MF .deps/libcdo_la-fieldmem.Tpo -c -o libcdo_la-fieldmem.lo `test -f 'fieldmem.cc' || echo './'`fieldmem.cc
libtool: compile:  g++ -DHAVE_CONFIG_H -I. -I../libcdi/src -I/usr/include -g -O2 -fopenmp -MT libcdo_la-fieldmem.lo -MD -MP -MF .deps/libcdo_la-fieldmem.Tpo -c fieldmem.cc  -fPIC -DPIC -o .libs/libcdo_la-fieldmem.o
libtool: compile:  g++ -DHAVE_CONFIG_H -I. -I../libcdi/src -I/usr/include -g -O2 -fopenmp -MT libcdo_la-fieldmem.lo -MD -MP -MF .deps/libcdo_la-fieldmem.Tpo -c fieldmem.cc -o libcdo_la-fieldmem.o >/dev/null 2>&1
mv -f .deps/libcdo_la-fieldmem.Tpo .deps/libcdo_la-fieldmem.Plo
/bin/bash ../libtool  --tag=CXX   --mode=compile g++ -DHAVE_CONFIG_H -I.  -I../libcdi/src -I/usr/include   -g -O2 -fopenmp  -MT libcdo_la-fieldmer.lo -MD -MP -MF .deps/libcdo_la-fieldmer.Tpo -c -o libcdo_la-fieldmer.lo `test -f 'fieldmer.cc' || echo './'`fieldmer.cc
libtool: compile:  g++ -DHAVE_CONFIG_H -I. -I../libcdi/src -I/usr/include -g -O2 -fopenmp -MT libcdo_la-fieldmer.lo -MD -MP -MF .deps/libcdo_la-fieldmer.Tpo -c fieldmer.cc  -fPIC -DPIC -o .libs/libcdo_la-fieldmer.o
libtool: compile:  g++ -DHAVE_CONFIG_H -I. -I../libcdi/src -I/usr/include -g -O2 -fopenmp -MT libcdo_la-fieldmer.lo -MD -MP -MF .deps/libcdo_la-fieldmer.Tpo -c fieldmer.cc -o libcdo_la-fieldmer.o >/dev/null 2>&1
mv -f .deps/libcdo_la-fieldmer.Tpo .deps/libcdo_la-fieldmer.Plo
/bin/bash ../libtool  --tag=CXX   --mode=compile g++ -DHAVE_CONFIG_H -I.  -I../libcdi/src -I/usr/include   -g -O2 -fopenmp  -MT libcdo_la-fieldzon.lo -MD -MP -MF .deps/libcdo_la-fieldzon.Tpo -c -o libcdo_la-fieldzon.lo `test -f 'fieldzon.cc' || echo './'`fieldzon.cc
libtool: compile:  g++ -DHAVE_CONFIG_H -I. -I../libcdi/src -I/usr/include -g -O2 -fopenmp -MT libcdo_la-fieldzon.lo -MD -MP -MF .deps/libcdo_la-fieldzon.Tpo -c fieldzon.cc  -fPIC -DPIC -o .libs/libcdo_la-fieldzon.o
libtool: compile:  g++ -DHAVE_CONFIG_H -I. -I../libcdi/src -I/usr/include -g -O2 -fopenmp -MT libcdo_la-fieldzon.lo -MD -MP -MF .deps/libcdo_la-fieldzon.Tpo -c fieldzon.cc -o libcdo_la-fieldzon.o >/dev/null 2>&1
mv -f .deps/libcdo_la-fieldzon.Tpo .deps/libcdo_la-fieldzon.Plo
/bin/bash ../libtool  --tag=CXX   --mode=compile g++ -DHAVE_CONFIG_H -I.  -I../libcdi/src -I/usr/include   -g -O2 -fopenmp  -MT libcdo_la-grid.lo -MD -MP -MF .deps/libcdo_la-grid.Tpo -c -o libcdo_la-grid.lo `test -f 'grid.cc' || echo './'`grid.cc
libtool: compile:  g++ -DHAVE_CONFIG_H -I. -I../libcdi/src -I/usr/include -g -O2 -fopenmp -MT libcdo_la-grid.lo -MD -MP -MF .deps/libcdo_la-grid.Tpo -c grid.cc  -fPIC -DPIC -o .libs/libcdo_la-grid.o
libtool: compile:  g++ -DHAVE_CONFIG_H -I. -I../libcdi/src -I/usr/include -g -O2 -fopenmp -MT libcdo_la-grid.lo -MD -MP -MF .deps/libcdo_la-grid.Tpo -c grid.cc -o libcdo_la-grid.o >/dev/null 2>&1
mv -f .deps/libcdo_la-grid.Tpo .deps/libcdo_la-grid.Plo
/bin/bash ../libtool  --tag=CXX   --mode=compile g++ -DHAVE_CONFIG_H -I.  -I../libcdi/src -I/usr/include   -g -O2 -fopenmp  -MT libcdo_la-grid_proj.lo -MD -MP -MF .deps/libcdo_la-grid_proj.Tpo -c -o libcdo_la-grid_proj.lo `test -f 'grid_proj.cc' || echo './'`grid_proj.cc
libtool: compile:  g++ -DHAVE_CONFIG_H -I. -I../libcdi/src -I/usr/include -g -O2 -fopenmp -MT libcdo_la-grid_proj.lo -MD -MP -MF .deps/libcdo_la-grid_proj.Tpo -c grid_proj.cc  -fPIC -DPIC -o .libs/libcdo_la-grid_proj.o
libtool: compile:  g++ -DHAVE_CONFIG_H -I. -I../libcdi/src -I/usr/include -g -O2 -fopenmp -MT libcdo_la-grid_proj.lo -MD -MP -MF .deps/libcdo_la-grid_proj.Tpo -c grid_proj.cc -o libcdo_la-grid_proj.o >/dev/null 2>&1
mv -f .deps/libcdo_la-grid_proj.Tpo .deps/libcdo_la-grid_proj.Plo
/bin/bash ../libtool  --tag=CXX   --mode=compile g++ -DHAVE_CONFIG_H -I.  -I../libcdi/src -I/usr/include   -g -O2 -fopenmp  -MT libcdo_la-grid_area.lo -MD -MP -MF .deps/libcdo_la-grid_area.Tpo -c -o libcdo_la-grid_area.lo `test -f 'grid_area.cc' || echo './'`grid_area.cc
libtool: compile:  g++ -DHAVE_CONFIG_H -I. -I../libcdi/src -I/usr/include -g -O2 -fopenmp -MT libcdo_la-grid_area.lo -MD -MP -MF .deps/libcdo_la-grid_area.Tpo -c grid_area.cc  -fPIC -DPIC -o .libs/libcdo_la-grid_area.o
libtool: compile:  g++ -DHAVE_CONFIG_H -I. -I../libcdi/src -I/usr/include -g -O2 -fopenmp -MT libcdo_la-grid_area.lo -MD -MP -MF .deps/libcdo_la-grid_area.Tpo -c grid_area.cc -o libcdo_la-grid_area.o >/dev/null 2>&1
mv -f .deps/libcdo_la-grid_area.Tpo .deps/libcdo_la-grid_area.Plo
/bin/bash ../libtool  --tag=CXX   --mode=compile g++ -DHAVE_CONFIG_H -I.  -I../libcdi/src -I/usr/include   -g -O2 -fopenmp  -MT libcdo_la-grid_define.lo -MD -MP -MF .deps/libcdo_la-grid_define.Tpo -c -o libcdo_la-grid_define.lo `test -f 'grid_define.cc' || echo './'`grid_define.cc
libtool: compile:  g++ -DHAVE_CONFIG_H -I. -I../libcdi/src -I/usr/include -g -O2 -fopenmp -MT libcdo_la-grid_define.lo -MD -MP -MF .deps/libcdo_la-grid_define.Tpo -c grid_define.cc  -fPIC -DPIC -o .libs/libcdo_la-grid_define.o
libtool: compile:  g++ -DHAVE_CONFIG_H -I. -I../libcdi/src -I/usr/include -g -O2 -fopenmp -MT libcdo_la-grid_define.lo -MD -MP -MF .deps/libcdo_la-grid_define.Tpo -c grid_define.cc -o libcdo_la-grid_define.o >/dev/null 2>&1
mv -f .deps/libcdo_la-grid_define.Tpo .deps/libcdo_la-grid_define.Plo
/bin/bash ../libtool  --tag=CXX   --mode=compile g++ -DHAVE_CONFIG_H -I.  -I../libcdi/src -I/usr/include   -g -O2 -fopenmp  -MT libcdo_la-grid_gme.lo -MD -MP -MF .deps/libcdo_la-grid_gme.Tpo -c -o libcdo_la-grid_gme.lo `test -f 'grid_gme.cc' || echo './'`grid_gme.cc
libtool: compile:  g++ -DHAVE_CONFIG_H -I. -I../libcdi/src -I/usr/include -g -O2 -fopenmp -MT libcdo_la-grid_gme.lo -MD -MP -MF .deps/libcdo_la-grid_gme.Tpo -c grid_gme.cc  -fPIC -DPIC -o .libs/libcdo_la-grid_gme.o
libtool: compile:  g++ -DHAVE_CONFIG_H -I. -I../libcdi/src -I/usr/include -g -O2 -fopenmp -MT libcdo_la-grid_gme.lo -MD -MP -MF .deps/libcdo_la-grid_gme.Tpo -c grid_gme.cc -o libcdo_la-grid_gme.o >/dev/null 2>&1
mv -f .deps/libcdo_la-grid_gme.Tpo .deps/libcdo_la-grid_gme.Plo
/bin/bash ../libtool  --tag=CXX   --mode=compile g++ -DHAVE_CONFIG_H -I.  -I../libcdi/src -I/usr/include   -g -O2 -fopenmp  -MT libcdo_la-grid_from_name.lo -MD -MP -MF .deps/libcdo_la-grid_from_name.Tpo -c -o libcdo_la-grid_from_name.lo `test -f 'grid_from_name.cc' || echo './'`grid_from_name.cc
libtool: compile:  g++ -DHAVE_CONFIG_H -I. -I../libcdi/src -I/usr/include -g -O2 -fopenmp -MT libcdo_la-grid_from_name.lo -MD -MP -MF .deps/libcdo_la-grid_from_name.Tpo -c grid_from_name.cc  -fPIC -DPIC -o .libs/libcdo_la-grid_from_name.o
libtool: compile:  g++ -DHAVE_CONFIG_H -I. -I../libcdi/src -I/usr/include -g -O2 -fopenmp -MT libcdo_la-grid_from_name.lo -MD -MP -MF .deps/libcdo_la-grid_from_name.Tpo -c grid_from_name.cc -o libcdo_la-grid_from_name.o >/dev/null 2>&1
mv -f .deps/libcdo_la-grid_from_name.Tpo .deps/libcdo_la-grid_from_name.Plo
/bin/bash ../libtool  --tag=CXX   --mode=compile g++ -DHAVE_CONFIG_H -I.  -I../libcdi/src -I/usr/include   -g -O2 -fopenmp  -MT libcdo_la-grid_read.lo -MD -MP -MF .deps/libcdo_la-grid_read.Tpo -c -o libcdo_la-grid_read.lo `test -f 'grid_read.cc' || echo './'`grid_read.cc
libtool: compile:  g++ -DHAVE_CONFIG_H -I. -I../libcdi/src -I/usr/include -g -O2 -fopenmp -MT libcdo_la-grid_read.lo -MD -MP -MF .deps/libcdo_la-grid_read.Tpo -c grid_read.cc  -fPIC -DPIC -o .libs/libcdo_la-grid_read.o
libtool: compile:  g++ -DHAVE_CONFIG_H -I. -I../libcdi/src -I/usr/include -g -O2 -fopenmp -MT libcdo_la-grid_read.lo -MD -MP -MF .deps/libcdo_la-grid_read.Tpo -c grid_read.cc -o libcdo_la-grid_read.o >/dev/null 2>&1
mv -f .deps/libcdo_la-grid_read.Tpo .deps/libcdo_la-grid_read.Plo
/bin/bash ../libtool  --tag=CXX   --mode=compile g++ -DHAVE_CONFIG_H -I.  -I../libcdi/src -I/usr/include   -g -O2 -fopenmp  -MT libcdo_la-grid_read_pingo.lo -MD -MP -MF .deps/libcdo_la-grid_read_pingo.Tpo -c -o libcdo_la-grid_read_pingo.lo `test -f 'grid_read_pingo.cc' || echo './'`grid_read_pingo.cc
libtool: compile:  g++ -DHAVE_CONFIG_H -I. -I../libcdi/src -I/usr/include -g -O2 -fopenmp -MT libcdo_la-grid_read_pingo.lo -MD -MP -MF .deps/libcdo_la-grid_read_pingo.Tpo -c grid_read_pingo.cc  -fPIC -DPIC -o .libs/libcdo_la-grid_read_pingo.o
libtool: compile:  g++ -DHAVE_CONFIG_H -I. -I../libcdi/src -I/usr/include -g -O2 -fopenmp -MT libcdo_la-grid_read_pingo.lo -MD -MP -MF .deps/libcdo_la-grid_read_pingo.Tpo -c grid_read_pingo.cc -o libcdo_la-grid_read_pingo.o >/dev/null 2>&1
mv -f .deps/libcdo_la-grid_read_pingo.Tpo .deps/libcdo_la-grid_read_pingo.Plo
/bin/bash ../libtool  --tag=CXX   --mode=compile g++ -DHAVE_CONFIG_H -I.  -I../libcdi/src -I/usr/include   -g -O2 -fopenmp  -MT libcdo_la-grid_print.lo -MD -MP -MF .deps/libcdo_la-grid_print.Tpo -c -o libcdo_la-grid_print.lo `test -f 'grid_print.cc' || echo './'`grid_print.cc
libtool: compile:  g++ -DHAVE_CONFIG_H -I. -I../libcdi/src -I/usr/include -g -O2 -fopenmp -MT libcdo_la-grid_print.lo -MD -MP -MF .deps/libcdo_la-grid_print.Tpo -c grid_print.cc  -fPIC -DPIC -o .libs/libcdo_la-grid_print.o
libtool: compile:  g++ -DHAVE_CONFIG_H -I. -I../libcdi/src -I/usr/include -g -O2 -fopenmp -MT libcdo_la-grid_print.lo -MD -MP -MF .deps/libcdo_la-grid_print.Tpo -c grid_print.cc -o libcdo_la-grid_print.o >/dev/null 2>&1
mv -f .deps/libcdo_la-grid_print.Tpo .deps/libcdo_la-grid_print.Plo
/bin/bash ../libtool  --tag=CXX   --mode=compile g++ -DHAVE_CONFIG_H -I.  -I../libcdi/src -I/usr/include   -g -O2 -fopenmp  -MT libcdo_la-gridreference.lo -MD -MP -MF .deps/libcdo_la-gridreference.Tpo -c -o libcdo_la-gridreference.lo `test -f 'gridreference.cc' || echo './'`gridreference.cc
libtool: compile:  g++ -DHAVE_CONFIG_H -I. -I../libcdi/src -I/usr/include -g -O2 -fopenmp -MT libcdo_la-gridreference.lo -MD -MP -MF .deps/libcdo_la-gridreference.Tpo -c gridreference.cc  -fPIC -DPIC -o .libs/libcdo_la-gridreference.o
libtool: compile:  g++ -DHAVE_CONFIG_H -I. -I../libcdi/src -I/usr/include -g -O2 -fopenmp -MT libcdo_la-gridreference.lo -MD -MP -MF .deps/libcdo_la-gridreference.Tpo -c gridreference.cc -o libcdo_la-gridreference.o >/dev/null 2>&1
mv -f .deps/libcdo_la-gridreference.Tpo .deps/libcdo_la-gridreference.Plo
/bin/bash ../libtool  --tag=CXX   --mode=compile g++ -DHAVE_CONFIG_H -I.  -I../libcdi/src -I/usr/include   -g -O2 -fopenmp  -MT libcdo_la-griddes.lo -MD -MP -MF .deps/libcdo_la-griddes.Tpo -c -o libcdo_la-griddes.lo `test -f 'griddes.cc' || echo './'`griddes.cc
libtool: compile:  g++ -DHAVE_CONFIG_H -I. -I../libcdi/src -I/usr/include -g -O2 -fopenmp -MT libcdo_la-griddes.lo -MD -MP -MF .deps/libcdo_la-griddes.Tpo -c griddes.cc  -fPIC -DPIC -o .libs/libcdo_la-griddes.o
libtool: compile:  g++ -DHAVE_CONFIG_H -I. -I../libcdi/src -I/usr/include -g -O2 -fopenmp -MT libcdo_la-griddes.lo -MD -MP -MF .deps/libcdo_la-griddes.Tpo -c griddes.cc -o libcdo_la-griddes.o >/dev/null 2>&1
mv -f .deps/libcdo_la-griddes.Tpo .deps/libcdo_la-griddes.Plo
/bin/bash ../libtool  --tag=CXX   --mode=compile g++ -DHAVE_CONFIG_H -I.  -I../libcdi/src -I/usr/include   -g -O2 -fopenmp  -MT libcdo_la-griddes_h5.lo -MD -MP -MF .deps/libcdo_la-griddes_h5.Tpo -c -o libcdo_la-griddes_h5.lo `test -f 'griddes_h5.cc' || echo './'`griddes_h5.cc
libtool: compile:  g++ -DHAVE_CONFIG_H -I. -I../libcdi/src -I/usr/include -g -O2 -fopenmp -MT libcdo_la-griddes_h5.lo -MD -MP -MF .deps/libcdo_la-griddes_h5.Tpo -c griddes_h5.cc  -fPIC -DPIC -o .libs/libcdo_la-griddes_h5.o
libtool: compile:  g++ -DHAVE_CONFIG_H -I. -I../libcdi/src -I/usr/include -g -O2 -fopenmp -MT libcdo_la-griddes_h5.lo -MD -MP -MF .deps/libcdo_la-griddes_h5.Tpo -c griddes_h5.cc -o libcdo_la-griddes_h5.o >/dev/null 2>&1
mv -f .deps/libcdo_la-griddes_h5.Tpo .deps/libcdo_la-griddes_h5.Plo
/bin/bash ../libtool  --tag=CXX   --mode=compile g++ -DHAVE_CONFIG_H -I.  -I../libcdi/src -I/usr/include   -g -O2 -fopenmp  -MT libcdo_la-griddes_nc.lo -MD -MP -MF .deps/libcdo_la-griddes_nc.Tpo -c -o libcdo_la-griddes_nc.lo `test -f 'griddes_nc.cc' || echo './'`griddes_nc.cc
libtool: compile:  g++ -DHAVE_CONFIG_H -I. -I../libcdi/src -I/usr/include -g -O2 -fopenmp -MT libcdo_la-griddes_nc.lo -MD -MP -MF .deps/libcdo_la-griddes_nc.Tpo -c griddes_nc.cc  -fPIC -DPIC -o .libs/libcdo_la-griddes_nc.o
libtool: compile:  g++ -DHAVE_CONFIG_H -I. -I../libcdi/src -I/usr/include -g -O2 -fopenmp -MT libcdo_la-griddes_nc.lo -MD -MP -MF .deps/libcdo_la-griddes_nc.Tpo -c griddes_nc.cc -o libcdo_la-griddes_nc.o >/dev/null 2>&1
mv -f .deps/libcdo_la-griddes_nc.Tpo .deps/libcdo_la-griddes_nc.Plo
/bin/bash ../libtool  --tag=CXX   --mode=compile g++ -DHAVE_CONFIG_H -I.  -I../libcdi/src -I/usr/include   -g -O2 -fopenmp  -MT libcdo_la-hetaeta.lo -MD -MP -MF .deps/libcdo_la-hetaeta.Tpo -c -o libcdo_la-hetaeta.lo `test -f 'hetaeta.cc' || echo './'`hetaeta.cc
libtool: compile:  g++ -DHAVE_CONFIG_H -I. -I../libcdi/src -I/usr/include -g -O2 -fopenmp -MT libcdo_la-hetaeta.lo -MD -MP -MF .deps/libcdo_la-hetaeta.Tpo -c hetaeta.cc  -fPIC -DPIC -o .libs/libcdo_la-hetaeta.o
libtool: compile:  g++ -DHAVE_CONFIG_H -I. -I../libcdi/src -I/usr/include -g -O2 -fopenmp -MT libcdo_la-hetaeta.lo -MD -MP -MF .deps/libcdo_la-hetaeta.Tpo -c hetaeta.cc -o libcdo_la-hetaeta.o >/dev/null 2>&1
mv -f .deps/libcdo_la-hetaeta.Tpo .deps/libcdo_la-hetaeta.Plo
/bin/bash ../libtool  --tag=CXX   --mode=compile g++ -DHAVE_CONFIG_H -I.  -I../libcdi/src -I/usr/include   -g -O2 -fopenmp  -MT libcdo_la-institution.lo -MD -MP -MF .deps/libcdo_la-institution.Tpo -c -o libcdo_la-institution.lo `test -f 'institution.cc' || echo './'`institution.cc
libtool: compile:  g++ -DHAVE_CONFIG_H -I. -I../libcdi/src -I/usr/include -g -O2 -fopenmp -MT libcdo_la-institution.lo -MD -MP -MF .deps/libcdo_la-institution.Tpo -c institution.cc  -fPIC -DPIC -o .libs/libcdo_la-institution.o
libtool: compile:  g++ -DHAVE_CONFIG_H -I. -I../libcdi/src -I/usr/include -g -O2 -fopenmp -MT libcdo_la-institution.lo -MD -MP -MF .deps/libcdo_la-institution.Tpo -c institution.cc -o libcdo_la-institution.o >/dev/null 2>&1
mv -f .deps/libcdo_la-institution.Tpo .deps/libcdo_la-institution.Plo
/bin/bash ../libtool  --tag=CXX   --mode=compile g++ -DHAVE_CONFIG_H -I.  -I../libcdi/src -I/usr/include   -g -O2 -fopenmp  -MT libcdo_la-interpol.lo -MD -MP -MF .deps/libcdo_la-interpol.Tpo -c -o libcdo_la-interpol.lo `test -f 'interpol.cc' || echo './'`interpol.cc
libtool: compile:  g++ -DHAVE_CONFIG_H -I. -I../libcdi/src -I/usr/include -g -O2 -fopenmp -MT libcdo_la-interpol.lo -MD -MP -MF .deps/libcdo_la-interpol.Tpo -c interpol.cc  -fPIC -DPIC -o .libs/libcdo_la-interpol.o
libtool: compile:  g++ -DHAVE_CONFIG_H -I. -I../libcdi/src -I/usr/include -g -O2 -fopenmp -MT libcdo_la-interpol.lo -MD -MP -MF .deps/libcdo_la-interpol.Tpo -c interpol.cc -o libcdo_la-interpol.o >/dev/null 2>&1
mv -f .deps/libcdo_la-interpol.Tpo .deps/libcdo_la-interpol.Plo
/bin/bash ../libtool  --tag=CXX   --mode=compile g++ -DHAVE_CONFIG_H -I.  -I../libcdi/src -I/usr/include   -g -O2 -fopenmp  -MT libcdo_la-job.lo -MD -MP -MF .deps/libcdo_la-job.Tpo -c -o libcdo_la-job.lo `test -f 'job.cc' || echo './'`job.cc
libtool: compile:  g++ -DHAVE_CONFIG_H -I. -I../libcdi/src -I/usr/include -g -O2 -fopenmp -MT libcdo_la-job.lo -MD -MP -MF .deps/libcdo_la-job.Tpo -c job.cc  -fPIC -DPIC -o .libs/libcdo_la-job.o
libtool: compile:  g++ -DHAVE_CONFIG_H -I. -I../libcdi/src -I/usr/include -g -O2 -fopenmp -MT libcdo_la-job.lo -MD -MP -MF .deps/libcdo_la-job.Tpo -c job.cc -o libcdo_la-job.o >/dev/null 2>&1
mv -f .deps/libcdo_la-job.Tpo .deps/libcdo_la-job.Plo
/bin/bash ../libtool  --tag=CXX   --mode=compile g++ -DHAVE_CONFIG_H -I.  -I../libcdi/src -I/usr/include   -g -O2 -fopenmp  -MT libcdo_la-juldate.lo -MD -MP -MF .deps/libcdo_la-juldate.Tpo -c -o libcdo_la-juldate.lo `test -f 'juldate.cc' || echo './'`juldate.cc
libtool: compile:  g++ -DHAVE_CONFIG_H -I. -I../libcdi/src -I/usr/include -g -O2 -fopenmp -MT libcdo_la-juldate.lo -MD -MP -MF .deps/libcdo_la-juldate.Tpo -c juldate.cc  -fPIC -DPIC -o .libs/libcdo_la-juldate.o
libtool: compile:  g++ -DHAVE_CONFIG_H -I. -I../libcdi/src -I/usr/include -g -O2 -fopenmp -MT libcdo_la-juldate.lo -MD -MP -MF .deps/libcdo_la-juldate.Tpo -c juldate.cc -o libcdo_la-juldate.o >/dev/null 2>&1
mv -f .deps/libcdo_la-juldate.Tpo .deps/libcdo_la-juldate.Plo
/bin/bash ../libtool  --tag=CXX   --mode=compile g++ -DHAVE_CONFIG_H -I.  -I../libcdi/src -I/usr/include   -g -O2 -fopenmp  -MT libcdo_la-grid_search.lo -MD -MP -MF .deps/libcdo_la-grid_search.Tpo -c -o libcdo_la-grid_search.lo `test -f 'grid_search.cc' || echo './'`grid_search.cc
libtool: compile:  g++ -DHAVE_CONFIG_H -I. -I../libcdi/src -I/usr/include -g -O2 -fopenmp -MT libcdo_la-grid_search.lo -MD -MP -MF .deps/libcdo_la-grid_search.Tpo -c grid_search.cc  -fPIC -DPIC -o .libs/libcdo_la-grid_search.o
libtool: compile:  g++ -DHAVE_CONFIG_H -I. -I../libcdi/src -I/usr/include -g -O2 -fopenmp -MT libcdo_la-grid_search.lo -MD -MP -MF .deps/libcdo_la-grid_search.Tpo -c grid_search.cc -o libcdo_la-grid_search.o >/dev/null 2>&1
mv -f .deps/libcdo_la-grid_search.Tpo .deps/libcdo_la-grid_search.Plo
/bin/bash ../libtool  --tag=CXX   --mode=compile g++ -DHAVE_CONFIG_H -I.  -I../libcdi/src -I/usr/include   -g -O2 -fopenmp  -MT libcdo_la-listarray.lo -MD -MP -MF .deps/libcdo_la-listarray.Tpo -c -o libcdo_la-listarray.lo `test -f 'listarray.cc' || echo './'`listarray.cc
libtool: compile:  g++ -DHAVE_CONFIG_H -I. -I../libcdi/src -I/usr/include -g -O2 -fopenmp -MT libcdo_la-listarray.lo -MD -MP -MF .deps/libcdo_la-listarray.Tpo -c listarray.cc  -fPIC -DPIC -o .libs/libcdo_la-listarray.o
libtool: compile:  g++ -DHAVE_CONFIG_H -I. -I../libcdi/src -I/usr/include -g -O2 -fopenmp -MT libcdo_la-listarray.lo -MD -MP -MF .deps/libcdo_la-listarray.Tpo -c listarray.cc -o libcdo_la-listarray.o >/dev/null 2>&1
mv -f .deps/libcdo_la-listarray.Tpo .deps/libcdo_la-listarray.Plo
/bin/bash ../libtool  --tag=CXX   --mode=compile g++ -DHAVE_CONFIG_H -I.  -I../libcdi/src -I/usr/include   -g -O2 -fopenmp  -MT libcdo_la-merge_sort2.lo -MD -MP -MF .deps/libcdo_la-merge_sort2.Tpo -c -o libcdo_la-merge_sort2.lo `test -f 'merge_sort2.cc' || echo './'`merge_sort2.cc
libtool: compile:  g++ -DHAVE_CONFIG_H -I. -I../libcdi/src -I/usr/include -g -O2 -fopenmp -MT libcdo_la-merge_sort2.lo -MD -MP -MF .deps/libcdo_la-merge_sort2.Tpo -c merge_sort2.cc  -fPIC -DPIC -o .libs/libcdo_la-merge_sort2.o
libtool: compile:  g++ -DHAVE_CONFIG_H -I. -I../libcdi/src -I/usr/include -g -O2 -fopenmp -MT libcdo_la-merge_sort2.lo -MD -MP -MF .deps/libcdo_la-merge_sort2.Tpo -c merge_sort2.cc -o libcdo_la-merge_sort2.o >/dev/null 2>&1
mv -f .deps/libcdo_la-merge_sort2.Tpo .deps/libcdo_la-merge_sort2.Plo
/bin/bash ../libtool  --tag=CXX   --mode=compile g++ -DHAVE_CONFIG_H -I.  -I../libcdi/src -I/usr/include   -g -O2 -fopenmp  -MT libcdo_la-modules.lo -MD -MP -MF .deps/libcdo_la-modules.Tpo -c -o libcdo_la-modules.lo `test -f 'modules.cc' || echo './'`modules.cc
libtool: compile:  g++ -DHAVE_CONFIG_H -I. -I../libcdi/src -I/usr/include -g -O2 -fopenmp -MT libcdo_la-modules.lo -MD -MP -MF .deps/libcdo_la-modules.Tpo -c modules.cc  -fPIC -DPIC -o .libs/libcdo_la-modules.o
make[2]: Leaving directory '/opt/render/project/src/child-processes/cdo-1.9.1/src'
make[1]: Leaving directory '/opt/render/project/src/child-processes/cdo-1.9.1/src'
Checking for gcc...
Checking for shared library support...
Building shared library libz.so.1.2.8 with gcc.
Checking for off64_t... Yes.
Checking for fseeko... Yes.
Checking for strerror... Yes.
Checking for unistd.h... Yes.
Checking for stdarg.h... Yes.
Checking whether to use vs[n]printf() or s[n]printf()... using vs[n]printf().
Checking for vsnprintf() in stdio.h... Yes.
Checking for return value of vsnprintf()... Yes.
Checking for attribute(visibility) support... Yes.
gcc -O3  -D_LARGEFILE64_SOURCE=1 -DHAVE_HIDDEN -I. -c -o example.o test/example.c
gcc -O3  -D_LARGEFILE64_SOURCE=1 -DHAVE_HIDDEN   -c -o adler32.o adler32.c
gcc -O3  -D_LARGEFILE64_SOURCE=1 -DHAVE_HIDDEN   -c -o crc32.o crc32.c
gcc -O3  -D_LARGEFILE64_SOURCE=1 -DHAVE_HIDDEN   -c -o deflate.o deflate.c
gcc -O3  -D_LARGEFILE64_SOURCE=1 -DHAVE_HIDDEN   -c -o infback.o infback.c
gcc -O3  -D_LARGEFILE64_SOURCE=1 -DHAVE_HIDDEN   -c -o inffast.o inffast.c
gcc -O3  -D_LARGEFILE64_SOURCE=1 -DHAVE_HIDDEN   -c -o inflate.o inflate.c
gcc -O3  -D_LARGEFILE64_SOURCE=1 -DHAVE_HIDDEN   -c -o inftrees.o inftrees.c
gcc -O3  -D_LARGEFILE64_SOURCE=1 -DHAVE_HIDDEN   -c -o trees.o trees.c
gcc -O3  -D_LARGEFILE64_SOURCE=1 -DHAVE_HIDDEN   -c -o zutil.o zutil.c
gcc -O3  -D_LARGEFILE64_SOURCE=1 -DHAVE_HIDDEN   -c -o compress.o compress.c
gcc -O3  -D_LARGEFILE64_SOURCE=1 -DHAVE_HIDDEN   -c -o uncompr.o uncompr.c
gcc -O3  -D_LARGEFILE64_SOURCE=1 -DHAVE_HIDDEN   -c -o gzclose.o gzclose.c
gcc -O3  -D_LARGEFILE64_SOURCE=1 -DHAVE_HIDDEN   -c -o gzlib.o gzlib.c
gcc -O3  -D_LARGEFILE64_SOURCE=1 -DHAVE_HIDDEN   -c -o gzread.o gzread.c
gcc -O3  -D_LARGEFILE64_SOURCE=1 -DHAVE_HIDDEN   -c -o gzwrite.o gzwrite.c
ar rc libz.a adler32.o crc32.o deflate.o infback.o inffast.o inflate.o inftrees.o trees.o zutil.o compress.o uncompr.o gzclose.o gzlib.o gzread.o gzwrite.o 
gcc -O3  -D_LARGEFILE64_SOURCE=1 -DHAVE_HIDDEN -o example example.o -L. libz.a
gcc -O3  -D_LARGEFILE64_SOURCE=1 -DHAVE_HIDDEN -I. -c -o minigzip.o test/minigzip.c
gcc -O3  -D_LARGEFILE64_SOURCE=1 -DHAVE_HIDDEN -o minigzip minigzip.o -L. libz.a
gcc -O3  -fPIC -D_LARGEFILE64_SOURCE=1 -DHAVE_HIDDEN -DPIC -c -o objs/adler32.o adler32.c
gcc -O3  -fPIC -D_LARGEFILE64_SOURCE=1 -DHAVE_HIDDEN -DPIC -c -o objs/crc32.o crc32.c
gcc -O3  -fPIC -D_LARGEFILE64_SOURCE=1 -DHAVE_HIDDEN -DPIC -c -o objs/deflate.o deflate.c
gcc -O3  -fPIC -D_LARGEFILE64_SOURCE=1 -DHAVE_HIDDEN -DPIC -c -o objs/infback.o infback.c
gcc -O3  -fPIC -D_LARGEFILE64_SOURCE=1 -DHAVE_HIDDEN -DPIC -c -o objs/inffast.o inffast.c
gcc -O3  -fPIC -D_LARGEFILE64_SOURCE=1 -DHAVE_HIDDEN -DPIC -c -o objs/inflate.o inflate.c
gcc -O3  -fPIC -D_LARGEFILE64_SOURCE=1 -DHAVE_HIDDEN -DPIC -c -o objs/inftrees.o inftrees.c
gcc -O3  -fPIC -D_LARGEFILE64_SOURCE=1 -DHAVE_HIDDEN -DPIC -c -o objs/trees.o trees.c
gcc -O3  -fPIC -D_LARGEFILE64_SOURCE=1 -DHAVE_HIDDEN -DPIC -c -o objs/zutil.o zutil.c
gcc -O3  -fPIC -D_LARGEFILE64_SOURCE=1 -DHAVE_HIDDEN -DPIC -c -o objs/compress.o compress.c
gcc -O3  -fPIC -D_LARGEFILE64_SOURCE=1 -DHAVE_HIDDEN -DPIC -c -o objs/uncompr.o uncompr.c
gcc -O3  -fPIC -D_LARGEFILE64_SOURCE=1 -DHAVE_HIDDEN -DPIC -c -o objs/gzclose.o gzclose.c
gcc -O3  -fPIC -D_LARGEFILE64_SOURCE=1 -DHAVE_HIDDEN -DPIC -c -o objs/gzlib.o gzlib.c
gcc -O3  -fPIC -D_LARGEFILE64_SOURCE=1 -DHAVE_HIDDEN -DPIC -c -o objs/gzread.o gzread.c
gcc -O3  -fPIC -D_LARGEFILE64_SOURCE=1 -DHAVE_HIDDEN -DPIC -c -o objs/gzwrite.o gzwrite.c
gcc -shared -Wl,-soname,libz.so.1,--version-script,zlib.map -O3  -fPIC -D_LARGEFILE64_SOURCE=1 -DHAVE_HIDDEN -o libz.so.1.2.8 adler32.lo crc32.lo deflate.lo infback.lo inffast.lo inflate.lo inftrees.lo trees.lo zutil.lo compress.lo uncompr.lo gzclose.lo gzlib.lo gzread.lo gzwrite.lo  -lc 
rm -f libz.so libz.so.1
ln -s libz.so.1.2.8 libz.so
ln -s libz.so.1.2.8 libz.so.1
gcc -O3  -D_LARGEFILE64_SOURCE=1 -DHAVE_HIDDEN -o examplesh example.o -L. libz.so.1.2.8
gcc -O3  -D_LARGEFILE64_SOURCE=1 -DHAVE_HIDDEN -o minigzipsh minigzip.o -L. libz.so.1.2.8
gcc -O3  -D_LARGEFILE64_SOURCE=1 -DHAVE_HIDDEN -I. -D_FILE_OFFSET_BITS=64 -c -o example64.o test/example.c
gcc -O3  -D_LARGEFILE64_SOURCE=1 -DHAVE_HIDDEN -o example64 example64.o -L. libz.a
gcc -O3  -D_LARGEFILE64_SOURCE=1 -DHAVE_HIDDEN -I. -D_FILE_OFFSET_BITS=64 -c -o minigzip64.o test/minigzip.c
gcc -O3  -D_LARGEFILE64_SOURCE=1 -DHAVE_HIDDEN -o minigzip64 minigzip64.o -L. libz.a
hello world
zlib version 1.2.8 = 0x1280, compile flags = 0xa9
uncompress(): hello, hello!
gzread(): hello, hello!
gzgets() after gzseek:  hello!
inflate(): hello, hello!
large_inflate(): OK
after inflateSync(): hello, hello!
inflate with dictionary: hello, hello!
		*** zlib test OK ***
hello world
zlib version 1.2.8 = 0x1280, compile flags = 0xa9
uncompress(): hello, hello!
gzread(): hello, hello!
gzgets() after gzseek:  hello!
inflate(): hello, hello!
large_inflate(): OK
after inflateSync(): hello, hello!
inflate with dictionary: hello, hello!
		*** zlib shared test OK ***
hello world
zlib version 1.2.8 = 0x1280, compile flags = 0xa9
uncompress(): hello, hello!
gzread(): hello, hello!
gzgets() after gzseek:  hello!
inflate(): hello, hello!
large_inflate(): OK
after inflateSync(): hello, hello!
inflate with dictionary: hello, hello!
		*** zlib 64-bit test OK ***
cp libz.a /opt/render/project/src/child-processes/cdo_installed/lib
chmod 644 /opt/render/project/src/child-processes/cdo_installed/lib/libz.a
cp libz.so.1.2.8 /opt/render/project/src/child-processes/cdo_installed/lib
chmod 755 /opt/render/project/src/child-processes/cdo_installed/lib/libz.so.1.2.8
cp zlib.3 /opt/render/project/src/child-processes/cdo_installed/share/man/man3
chmod 644 /opt/render/project/src/child-processes/cdo_installed/share/man/man3/zlib.3
cp zlib.pc /opt/render/project/src/child-processes/cdo_installed/lib/pkgconfig
chmod 644 /opt/render/project/src/child-processes/cdo_installed/lib/pkgconfig/zlib.pc
cp zlib.h zconf.h /opt/render/project/src/child-processes/cdo_installed/include
chmod 644 /opt/render/project/src/child-processes/cdo_installed/include/zlib.h /opt/render/project/src/child-processes/cdo_installed/include/zconf.h
Checking for gcc...
Checking for shared library support...
Building shared library libz.so.1.2.8 with gcc.
Checking for off64_t... Yes.
Checking for fseeko... Yes.
Checking for strerror... Yes.
Checking for unistd.h... Yes.
Checking for stdarg.h... Yes.
Checking whether to use vs[n]printf() or s[n]printf()... using vs[n]printf().
Checking for vsnprintf() in stdio.h... Yes.
Checking for return value of vsnprintf()... Yes.
Checking for attribute(visibility) support... Yes.
gcc -O3  -D_LARGEFILE64_SOURCE=1 -DHAVE_HIDDEN -I. -c -o example.o test/example.c
gcc -O3  -D_LARGEFILE64_SOURCE=1 -DHAVE_HIDDEN   -c -o adler32.o adler32.c
gcc -O3  -D_LARGEFILE64_SOURCE=1 -DHAVE_HIDDEN   -c -o crc32.o crc32.c
gcc -O3  -D_LARGEFILE64_SOURCE=1 -DHAVE_HIDDEN   -c -o deflate.o deflate.c
gcc -O3  -D_LARGEFILE64_SOURCE=1 -DHAVE_HIDDEN   -c -o infback.o infback.c
gcc -O3  -D_LARGEFILE64_SOURCE=1 -DHAVE_HIDDEN   -c -o inffast.o inffast.c
gcc -O3  -D_LARGEFILE64_SOURCE=1 -DHAVE_HIDDEN   -c -o inflate.o inflate.c
