This file contains any messages produced by compilers while
running configure, to aid debugging if configure makes a mistake.

It was created by cdo configure 1.9.1, which was
generated by GNU Autoconf 2.68.  Invocation command line was

  $ ./configure --with-netcdf=/usr -prefix=/opt/render/project/src/child-processes/cdo_installed

## --------- ##
## Platform. ##
## --------- ##

hostname = srv-cogj364f7o1s73808kig-hibernate-75fbbbb648-lvbfq
uname -m = x86_64
uname -r = 5.15.0-1056-aws
uname -s = Linux
uname -v = #61-Ubuntu SMP Wed Mar 13 17:35:17 UTC 2024

/usr/bin/uname -p = unknown
/bin/uname -X     = unknown

/bin/arch              = unknown
/usr/bin/arch -k       = unknown
/usr/convex/getsysinfo = unknown
/usr/bin/hostinfo      = unknown
/bin/machine           = unknown
/usr/bin/oslevel       = unknown
/bin/universe          = unknown

PATH: /opt/render/project/src/.venv/bin
PATH: /home/render/.bun/bin
PATH: /opt/render/project/nodes/node-20.12.2/bin
PATH: /opt/render/project/src/.venv/bin
PATH: /opt/render/project/poetry/bin
PATH: /home/render/.python-poetry/bin
PATH: /usr/local/cargo/bin
PATH: /opt/render/project/.cargo/bin
PATH: /usr/local/sbin
PATH: /usr/local/bin
PATH: /usr/sbin
PATH: /usr/bin
PATH: /sbin
PATH: /bin


## ----------- ##
## Core tests. ##
## ----------- ##

configure:2608: checking build system type
configure:2622: result: x86_64-unknown-linux-gnu
configure:2642: checking host system type
configure:2655: result: x86_64-unknown-linux-gnu
configure:2694: checking for a BSD-compatible install
configure:2622: result: x86_64-unknown-linux-gnu
configure:2642: checking host system type
configure:2655: result: x86_64-unknown-linux-gnu
configure:2694: checking for a BSD-compatible install
configure:2762: result: /usr/bin/install -c
configure:2773: checking whether build environment is sane
configure:2762: result: /usr/bin/install -c
configure:2773: checking whether build environment is sane
configure:2828: result: yes
configure:2828: result: yes
configure:2977: checking for a thread-safe mkdir -p
configure:2977: checking for a thread-safe mkdir -p
configure:3016: result: /bin/mkdir -p
configure:3023: checking for gawk
configure:3053: result: no
configure:3023: checking for mawk
configure:3039: found /usr/bin/mawk
configure:3050: result: mawk
configure:3061: checking whether make sets $(MAKE)
configure:3016: result: /bin/mkdir -p
configure:3023: checking for gawk
configure:3053: result: no
configure:3023: checking for mawk
configure:3039: found /usr/bin/mawk
configure:3050: result: mawk
configure:3061: checking whether make sets $(MAKE)
configure:3083: result: yes
configure:3112: checking whether make supports nested variables
configure:3083: result: yes
configure:3129: result: yes
configure:3112: checking whether make supports nested variables
configure:3129: result: yes
configure:3257: checking whether to enable maintainer-specific portions of Makefiles
configure:3266: result: no
configure:3293: checking for style of include used by make
configure:3257: checking whether to enable maintainer-specific portions of Makefiles
configure:3266: result: no
configure:3293: checking for style of include used by make
configure:3321: result: GNU
configure:3392: checking for gcc
configure:3408: found /usr/bin/gcc
configure:3419: result: gcc
configure:3648: checking for C compiler version
configure:3657: gcc --version >&5
gcc (Debian 8.3.0-6) 8.3.0
Copyright (C) 2018 Free Software Foundation, Inc.
This is free software; see the source for copying conditions.  There is NO
warranty; not even for MERCHANTABILITY or FITNESS FOR A PARTICULAR PURPOSE.

configure:3321: result: GNU
configure:3392: checking for gcc
configure:3408: found /usr/bin/gcc
configure:3419: result: gcc
configure:3668: $? = 0
configure:3657: gcc -v >&5
configure:3648: checking for C compiler version
configure:3657: gcc --version >&5
gcc (Debian 8.3.0-6) 8.3.0
Copyright (C) 2018 Free Software Foundation, Inc.
This is free software; see the source for copying conditions.  There is NO
warranty; not even for MERCHANTABILITY or FITNESS FOR A PARTICULAR PURPOSE.

configure:3668: $? = 0
configure:3657: gcc -v >&5
configure:3668: $? = 0
configure:3657: gcc -V >&5
configure:3668: $? = 0
configure:3657: gcc -V >&5
configure:3668: $? = 1
configure:3657: gcc -qversion >&5
configure:3668: $? = 1
configure:3657: gcc -qversion >&5
gcc: error: unrecognized command line option '-qversion'; did you mean '--version'?
gcc: fatal error: no input files
compilation terminated.
gcc: error: unrecognized command line option '-qversion'; did you mean '--version'?
gcc: fatal error: no input files
compilation terminated.
configure:3668: $? = 1
configure:3668: $? = 1
configure:3688: checking whether the C compiler works
configure:3688: checking whether the C compiler works
configure:3710: gcc    conftest.c  >&5
configure:3710: gcc    conftest.c  >&5
configure:3714: $? = 0
configure:3762: result: yes
configure:3765: checking for C compiler default output file name
configure:3767: result: a.out
configure:3773: checking for suffix of executables
configure:3714: $? = 0
configure:3780: gcc -o conftest    conftest.c  >&5
configure:3752: result: no
configure: failed program was:
| /* confdefs.h */
| #define PACKAGE_NAME "cdo"
| #define PACKAGE_TARNAME "cdo"
| #define PACKAGE_VERSION "1.9.1"
| #define PACKAGE_STRING "cdo 1.9.1"
| #define PACKAGE_BUGREPORT "http://mpimet.mpg.de/cdo"
| #define PACKAGE_URL ""
| #define CDO "1.9.1"
| #define PACKAGE "cdo"
| #define VERSION "1.9.1"
| #define PACKAGE "cdo"
| #define VERSION "1.9.1"
| /* end confdefs.h.  */
| 
| int
| main ()
| {
| 
|   ;
|   return 0;
| }
configure:3757: error: in `/opt/render/project/src/child-processes/cdo-1.9.1':
configure:3759: error: C compiler cannot create executables
See `config.log' for more details

## ---------------- ##
## Cache variables. ##
## ---------------- ##

ac_cv_build=x86_64-unknown-linux-gnu
ac_cv_env_CCC_set=
ac_cv_env_CCC_value=
ac_cv_env_CC_set=
ac_cv_env_CC_value=
ac_cv_env_CFLAGS_set=
ac_cv_env_CFLAGS_value=
ac_cv_env_CPPFLAGS_set=
ac_cv_env_CPPFLAGS_value=
ac_cv_env_CPP_set=
ac_cv_env_CPP_value=
ac_cv_env_CXXCPP_set=
ac_cv_env_CXXCPP_value=
ac_cv_env_CXXFLAGS_set=
ac_cv_env_CXXFLAGS_value=
ac_cv_env_CXX_set=
ac_cv_env_CXX_value=
ac_cv_env_LDFLAGS_set=
ac_cv_env_LDFLAGS_value=
ac_cv_env_LIBS_set=
ac_cv_env_LIBS_value=
ac_cv_env_build_alias_set=
ac_cv_env_build_alias_value=
ac_cv_env_host_alias_set=
ac_cv_env_host_alias_value=
ac_cv_env_target_alias_set=
ac_cv_env_target_alias_value=
ac_cv_host=x86_64-unknown-linux-gnu
ac_cv_path_install='/usr/bin/install -c'
ac_cv_path_mkdir=/bin/mkdir
ac_cv_prog_AWK=mawk
ac_cv_prog_ac_ct_CC=gcc
ac_cv_prog_make_make_set=yes
am_cv_make_support_nested_variables=yes
configure:3784: $? = 0

## ----------------- ##
## Output variables. ##
## ----------------- ##

configure:3806: result: 
configure:3828: checking whether we are cross compiling
configure:3836: gcc -o conftest    conftest.c  >&5
ACLOCAL='${SHELL} /opt/render/project/src/child-processes/cdo-1.9.1/config/missing aclocal-1.14'
AMDEPBACKSLASH='\'
AMDEP_FALSE='#'
AMDEP_TRUE=''
AMTAR='$${TAR-tar}'
AM_BACKSLASH='\'
AM_CPPFLAGS=''
AM_DEFAULT_V='$(AM_DEFAULT_VERBOSITY)'
AM_DEFAULT_VERBOSITY='1'
AM_V='$(V)'
AR=''
AS=''
AUTOCONF='${SHELL} /opt/render/project/src/child-processes/cdo-1.9.1/config/missing autoconf'
AUTOHEADER='${SHELL} /opt/render/project/src/child-processes/cdo-1.9.1/config/missing autoheader'
AUTOMAKE='${SHELL} /opt/render/project/src/child-processes/cdo-1.9.1/config/missing automake-1.14'
AWK='mawk'
BASH='/bin/bash'
BUILD_AVX2_TESTS_FALSE=''
BUILD_AVX2_TESTS_TRUE=''
BUILD_AVX_TESTS_FALSE=''
BUILD_AVX_TESTS_TRUE=''
BUILD_SSE42_TESTS_FALSE=''
BUILD_SSE42_TESTS_TRUE=''
CC='gcc'
CCDEPMODE=''
CFLAGS=''
CLDFLAGS=''
CLIBS=''
CMOR_LIBS=''
CPP=''
CPPFLAGS=''
CURL_INCLUDE=''
CURL_LDFLAGS=''
CXX=''
CXXCPP=''
CXXDEPMODE=''
CXXFLAGS=''
CYGPATH_W='echo'
DEFS=''
DEPDIR='.deps'
DLLTOOL=''
DSYMUTIL=''
DUMPBIN=''
ECCODES_INCLUDE=''
ECCODES_LIBS=''
ECHO_C=''
ECHO_N='-n'
ECHO_T=''
EGREP=''
ENABLE_ALL_STATIC_FALSE=''
ENABLE_ALL_STATIC_TRUE=''
ENABLE_CDI_LIB=''
ENABLE_CDI_LIB_FALSE=''
ENABLE_CDI_LIB_TRUE=''
ENABLE_CGRIBEX=''
ENABLE_DATA=''
ENABLE_EXTRA=''
ENABLE_GRIB=''
ENABLE_GRIBAPI=''
ENABLE_HIRLAM_EXTENSIONS_FALSE=''
ENABLE_HIRLAM_EXTENSIONS_TRUE=''
ENABLE_IEG=''
ENABLE_MAGICS_FALSE=''
ENABLE_MAGICS_TRUE=''
ENABLE_NC2=''
ENABLE_NC4=''
ENABLE_NC4HDF5=''
ENABLE_NETCDF=''
ENABLE_SERVICE=''
ENABLE_THREADS=''
EXEEXT=''
FCFLAGS=''
FGREP=''
GREP=''
GRIB_API_INCLUDE=''
GRIB_API_LIBS=''
HAVE_CXX11=''
HDF5_INCLUDE=''
HDF5_LIBS=''
HDF5_ROOT=''
HOST_NAME=''
INSTALL_DATA='${INSTALL} -m 644'
INSTALL_PROGRAM='${INSTALL}'
INSTALL_SCRIPT='${INSTALL}'
INSTALL_STRIP_PROGRAM='$(install_sh) -c -s'
LD=''
LDFLAGS=''
LIBOBJS=''
LIBS=''
LIBTOOL=''
LIPO=''
LN_S=''
LTLIBOBJS=''
MAGICS_INCLUDE=''
MAGICS_LIBS=''
MAGICS_ROOT=''
MAINT='#'
MAINTAINER_MODE_FALSE=''
MAINTAINER_MODE_TRUE='#'
MAKEINFO='${SHELL} /opt/render/project/src/child-processes/cdo-1.9.1/config/missing makeinfo'
MANIFEST_TOOL=''
MKDIR_P='/bin/mkdir -p'
NC_CONFIG=''
NETCDF_INCLUDE=''
NETCDF_LIBS=''
NETCDF_ROOT=''
NM=''
NMEDIT=''
OBJDUMP=''
OBJEXT=''
OPENMP_CFLAGS=''
OTOOL64=''
OTOOL=''
PACKAGE='cdo'
PACKAGE_BUGREPORT='http://mpimet.mpg.de/cdo'
PACKAGE_NAME='cdo'
PACKAGE_STRING='cdo 1.9.1'
PACKAGE_TARNAME='cdo'
PACKAGE_URL=''
PACKAGE_VERSION='1.9.1'
PATH_SEPARATOR=':'
PROJ_INCLUDE=''
PROJ_LDFLAGS=''
PTHREAD_CC=''
PTHREAD_CFLAGS=''
PTHREAD_LIBS=''
RANLIB=''
SED=''
SET_MAKE=''
SHELL='/bin/bash'
STRIP=''
SYSTEM_TYPE=''
SZLIB_INCLUDE=''
SZLIB_LIBS=''
THREADS_INCLUDE=''
THREADS_LIBS=''
UDUNITS_INCLUDE=''
UDUNITS_LDFLAGS=''
USER_NAME=''
VERSION='1.9.1'
XML2_LIBS=''
ac_ct_AR=''
ac_ct_CC='gcc'
ac_ct_CXX=''
ac_ct_DUMPBIN=''
am__EXEEXT_FALSE=''
am__EXEEXT_TRUE=''
am__fastdepCC_FALSE=''
am__fastdepCC_TRUE=''
am__fastdepCXX_FALSE=''
am__fastdepCXX_TRUE=''
am__include='include'
am__isrc=''
am__leading_dot='.'
am__nodep='_no'
am__quote=''
am__tar='$${TAR-tar} chof - "$$tardir"'
am__untar='$${TAR-tar} xf -'
ax_pthread_config=''
bindir='${exec_prefix}/bin'
build='x86_64-unknown-linux-gnu'
build_alias=''
build_cpu='x86_64'
build_os='linux-gnu'
build_vendor='unknown'
datadir='${datarootdir}'
datarootdir='${prefix}/share'
docdir='${datarootdir}/doc/${PACKAGE_TARNAME}'
dvidir='${docdir}'
exec_prefix='NONE'
host='x86_64-unknown-linux-gnu'
host_alias=''
host_cpu='x86_64'
host_os='linux-gnu'
host_vendor='unknown'
htmldir='${docdir}'
includedir='${prefix}/include'
infodir='${datarootdir}/info'
install_sh='${SHELL} /opt/render/project/src/child-processes/cdo-1.9.1/config/install-sh'
libdir='${exec_prefix}/lib'
libexecdir='${exec_prefix}/libexec'
localedir='${datarootdir}/locale'
localstatedir='${prefix}/var'
mandir='${datarootdir}/man'
mkdir_p='$(MKDIR_P)'
oldincludedir='/usr/include'
pdfdir='${docdir}'
prefix='/opt/render/project/src/child-processes/cdo_installed'
program_transform_name='s,x,x,'
psdir='${docdir}'
sbindir='${exec_prefix}/sbin'
sharedstatedir='${prefix}/com'
subdirs=''
sysconfdir='${prefix}/etc'
target_alias=''

## ----------- ##
## confdefs.h. ##
## ----------- ##

/* confdefs.h */
#define PACKAGE_NAME "cdo"
#define PACKAGE_TARNAME "cdo"
#define PACKAGE_VERSION "1.9.1"
#define PACKAGE_STRING "cdo 1.9.1"
#define PACKAGE_BUGREPORT "http://mpimet.mpg.de/cdo"
#define PACKAGE_URL ""
#define CDO "1.9.1"
#define PACKAGE "cdo"
#define VERSION "1.9.1"
#define PACKAGE "cdo"
#define VERSION "1.9.1"

configure: exit 77
configure:3840: $? = 0
configure:3847: ./conftest
configure:3851: $? = 0
configure:3839: result: no
configure:3844: checking for suffix of object files
configure:3866: gcc -c   conftest.c >&5
configure:3870: $? = 0
configure:3891: result: o
configure:3895: checking whether we are using the GNU C compiler
configure:3914: gcc -c   conftest.c >&5
configure:3914: $? = 0
configure:3923: result: yes
configure:3932: checking whether gcc accepts -g
configure:3952: gcc -c -g  conftest.c >&5
configure:3952: $? = 0
configure:3993: result: yes
configure:4010: checking for gcc option to accept ISO C89
configure:4074: gcc  -c -g -O2  conftest.c >&5
configure:4074: $? = 0
configure:4087: result: none needed
configure:4112: checking whether gcc understands -c and -o together
configure:4134: gcc -c conftest.c -o conftest2.o
configure:4137: $? = 0
configure:4134: gcc -c conftest.c -o conftest2.o
configure:4137: $? = 0
configure:4149: result: yes
configure:4168: checking dependency style of gcc
configure:4279: result: gcc3
configure:4344: checking for ar
configure:4360: found /usr/bin/ar
configure:4371: result: ar
configure:4397: checking the archiver (ar) interface
configure:4413: gcc -c -g -O2  conftest.c >&5
configure:4413: $? = 0
configure:4415: ar cru libconftest.a conftest.o >&5
ar: `u' modifier ignored since `D' is the default (see `U')
configure:4418: $? = 0
configure:4417: result: ar
configure:4438: setting up libtool
configure:4486: checking how to print strings
configure:4513: result: printf
configure:4534: checking for a sed that does not truncate output
configure:4598: result: /bin/sed
configure:4616: checking for grep that handles long lines and -e
configure:4674: result: /bin/grep
configure:4679: checking for egrep
configure:4741: result: /bin/grep -E
configure:4746: checking for fgrep
