This file contains any messages produced by compilers while
running configure, to aid debugging if configure makes a mistake.

It was created by cdo configure 1.9.1, which was
generated by GNU Autoconf 2.68.  Invocation command line was

  $ ./configure --prefix=/opt/render/project/src/child-processes/cdo/cdo_exe --enable-netcdf4 --with-netcdf=/opt/render/project/src/child-processes/cdo/cdo_exe

## --------- ##
## Platform. ##
## --------- ##

hostname = srv-colbsh0l5elc73fcm17g-hibernate-6db4c8bb45-9v22t
uname -m = x86_64
uname -r = 5.15.0-1055-aws
uname -s = Linux
uname -v = #60-Ubuntu SMP Thu Feb 22 13:37:18 UTC 2024

/usr/bin/uname -p = unknown
/bin/uname -X     = unknown

/bin/arch              = unknown
/usr/bin/arch -k       = unknown
/usr/convex/getsysinfo = unknown
/usr/bin/hostinfo      = unknown
/bin/machine           = unknown
/usr/bin/oslevel       = unknown
/bin/universe          = unknown

PATH: /opt/render/project/src/.venv/bin
PATH: /home/render/.bun/bin
PATH: /opt/render/project/nodes/node-20.12.2/bin
PATH: /opt/render/project/src/.venv/bin
PATH: /opt/render/project/poetry/bin
PATH: /home/render/.python-poetry/bin
PATH: /usr/local/cargo/bin
PATH: /opt/render/project/.cargo/bin
PATH: /usr/local/sbin
PATH: /usr/local/bin
PATH: /usr/sbin
PATH: /usr/bin
PATH: /sbin
PATH: /bin


## ----------- ##
## Core tests. ##
## ----------- ##

configure:2608: checking build system type
configure:2622: result: x86_64-unknown-linux-gnu
configure:2642: checking host system type
configure:2655: result: x86_64-unknown-linux-gnu
configure:2694: checking for a BSD-compatible install
configure:2762: result: /usr/bin/install -c
configure:2773: checking whether build environment is sane
configure:2828: result: yes
configure:2977: checking for a thread-safe mkdir -p
configure:3016: result: /bin/mkdir -p
configure:3023: checking for gawk
configure:3053: result: no
configure:3023: checking for mawk
configure:3039: found /usr/bin/mawk
configure:3050: result: mawk
configure:3061: checking whether make sets $(MAKE)
configure:3083: result: yes
configure:3112: checking whether make supports nested variables
configure:3129: result: yes
configure:3257: checking whether to enable maintainer-specific portions of Makefiles
configure:3266: result: no
configure:3293: checking for style of include used by make
configure:3321: result: GNU
configure:3392: checking for gcc
configure:3408: found /usr/bin/gcc
configure:3419: result: gcc
configure:3648: checking for C compiler version
configure:3657: gcc --version >&5
gcc (Debian 8.3.0-6) 8.3.0
Copyright (C) 2018 Free Software Foundation, Inc.
This is free software; see the source for copying conditions.  There is NO
warranty; not even for MERCHANTABILITY or FITNESS FOR A PARTICULAR PURPOSE.

configure:3668: $? = 0
configure:3657: gcc -v >&5
Using built-in specs.
COLLECT_GCC=gcc
COLLECT_LTO_WRAPPER=/usr/lib/gcc/x86_64-linux-gnu/8/lto-wrapper
OFFLOAD_TARGET_NAMES=nvptx-none
OFFLOAD_TARGET_DEFAULT=1
Target: x86_64-linux-gnu
Configured with: ../src/configure -v --with-pkgversion='Debian 8.3.0-6' --with-bugurl=file:///usr/share/doc/gcc-8/README.Bugs --enable-languages=c,ada,c++,go,brig,d,fortran,objc,obj-c++ --prefix=/usr --with-gcc-major-version-only --program-suffix=-8 --program-prefix=x86_64-linux-gnu- --enable-shared --enable-linker-build-id --libexecdir=/usr/lib --without-included-gettext --enable-threads=posix --libdir=/usr/lib --enable-nls --enable-bootstrap --enable-clocale=gnu --enable-libstdcxx-debug --enable-libstdcxx-time=yes --with-default-libstdcxx-abi=new --enable-gnu-unique-object --disable-vtable-verify --enable-libmpx --enable-plugin --enable-default-pie --with-system-zlib --with-target-system-zlib --enable-objc-gc=auto --enable-multiarch --disable-werror --with-arch-32=i686 --with-abi=m64 --with-multilib-list=m32,m64,mx32 --enable-multilib --with-tune=generic --enable-offload-targets=nvptx-none --without-cuda-driver --enable-checking=release --build=x86_64-linux-gnu --host=x86_64-linux-gnu --target=x86_64-linux-gnu
Thread model: posix
gcc version 8.3.0 (Debian 8.3.0-6) 
configure:3668: $? = 0
configure:3657: gcc -V >&5
gcc: error: unrecognized command line option '-V'
gcc: fatal error: no input files
compilation terminated.
configure:3668: $? = 1
configure:3657: gcc -qversion >&5
gcc: error: unrecognized command line option '-qversion'; did you mean '--version'?
gcc: fatal error: no input files
compilation terminated.
configure:3668: $? = 1
configure:3688: checking whether the C compiler works
configure:3710: gcc    conftest.c  >&5
configure:3714: $? = 0
configure:3762: result: yes
configure:3765: checking for C compiler default output file name
configure:3767: result: a.out
configure:3773: checking for suffix of executables
configure:3780: gcc -o conftest    conftest.c  >&5
configure:3784: $? = 0
configure:3806: result: 
configure:3828: checking whether we are cross compiling
configure:3836: gcc -o conftest    conftest.c  >&5
configure:3840: $? = 0
configure:3847: ./conftest
configure:3851: $? = 0
configure:3839: result: no
configure:3844: checking for suffix of object files
configure:3866: gcc -c   conftest.c >&5
configure:3870: $? = 0
configure:3891: result: o
configure:3895: checking whether we are using the GNU C compiler
configure:3914: gcc -c   conftest.c >&5
configure:3914: $? = 0
configure:3923: result: yes
configure:3932: checking whether gcc accepts -g
configure:3952: gcc -c -g  conftest.c >&5
configure:3952: $? = 0
configure:3993: result: yes
configure:4010: checking for gcc option to accept ISO C89
configure:4074: gcc  -c -g -O2  conftest.c >&5
configure:4074: $? = 0
configure:4087: result: none needed
configure:4112: checking whether gcc understands -c and -o together
configure:4134: gcc -c conftest.c -o conftest2.o
configure:4137: $? = 0
configure:4134: gcc -c conftest.c -o conftest2.o
configure:4137: $? = 0
configure:4149: result: yes
configure:4168: checking dependency style of gcc
configure:4279: result: gcc3
configure:4344: checking for ar
configure:4360: found /usr/bin/ar
configure:4371: result: ar
configure:4397: checking the archiver (ar) interface
configure:4413: gcc -c -g -O2  conftest.c >&5
configure:4413: $? = 0
configure:4415: ar cru libconftest.a conftest.o >&5
ar: `u' modifier ignored since `D' is the default (see `U')
configure:4418: $? = 0
configure:4417: result: ar
configure:4438: setting up libtool
configure:4486: checking how to print strings
configure:4513: result: printf
configure:4534: checking for a sed that does not truncate output
configure:4598: result: /bin/sed
configure:4616: checking for grep that handles long lines and -e
configure:4674: result: /bin/grep
configure:4679: checking for egrep
configure:4741: result: /bin/grep -E
configure:4746: checking for fgrep
configure:4808: result: /bin/grep -F
configure:4843: checking for ld used by gcc
configure:4910: result: /usr/bin/ld
configure:4917: checking if the linker (/usr/bin/ld) is GNU ld
configure:4932: result: yes
configure:4944: checking for BSD- or MS-compatible name lister (nm)
configure:4993: result: /usr/bin/nm -B
configure:5123: checking the name lister (/usr/bin/nm -B) interface
configure:5130: gcc -c -g -O2  conftest.c >&5
configure:5133: /usr/bin/nm -B "conftest.o"
configure:5136: output
0000000000000000 B some_variable
configure:5137: result: BSD nm
configure:5140: checking whether ln -s works
configure:5144: result: yes
configure:5152: checking the maximum length of command line arguments
configure:5282: result: 1572864
configure:5299: checking whether the shell understands some XSI constructs
configure:5308: result: yes
configure:5312: checking whether the shell understands "+="
configure:5316: result: yes
configure:5351: checking how to convert x86_64-unknown-linux-gnu file names to x86_64-unknown-linux-gnu format
configure:5391: result: func_convert_file_noop
configure:5398: checking how to convert x86_64-unknown-linux-gnu file names to toolchain format
configure:5418: result: func_convert_file_noop
configure:5425: checking for /usr/bin/ld option to reload object files
configure:5432: result: -r
configure:5506: checking for objdump
configure:5522: found /usr/bin/objdump
configure:5533: result: objdump
configure:5565: checking how to recognize dependent libraries
configure:5767: result: pass_all
configure:5852: checking for dlltool
configure:5882: result: no
configure:5912: checking how to associate runtime and link libraries
configure:5939: result: printf %s\n
configure:6063: checking for archiver @FILE support
configure:6080: gcc -c -g -O2  conftest.c >&5
configure:6080: $? = 0
configure:6083: ar cru libconftest.a @conftest.lst >&5
ar: `u' modifier ignored since `D' is the default (see `U')
configure:6086: $? = 0
configure:6091: ar cru libconftest.a @conftest.lst >&5
ar: `u' modifier ignored since `D' is the default (see `U')
ar: conftest.o: No such file or directory
configure:6094: $? = 1
configure:6093: result: @
configure:6151: checking for strip
configure:6167: found /usr/bin/strip
configure:6178: result: strip
configure:6250: checking for ranlib
configure:6266: found /usr/bin/ranlib
configure:6277: result: ranlib
configure:6379: checking command to parse /usr/bin/nm -B output from gcc object
configure:6499: gcc -c -g -O2  conftest.c >&5
configure:6502: $? = 0
configure:6506: /usr/bin/nm -B conftest.o \| sed -n -e 's/^.*[ ]\([ABCDGIRSTW][ABCDGIRSTW]*\)[ ][ ]*\([_A-Za-z][_A-Za-z0-9]*\)$/\1 \2 \2/p' | sed '/ __gnu_lto/d' \> conftest.nm
configure:6509: $? = 0
configure:6575: gcc -o conftest -g -O2   conftest.c conftstm.o >&5
configure:6578: $? = 0
configure:6616: result: ok
configure:6653: checking for sysroot
configure:6683: result: no
configure:6760: gcc -c -g -O2  conftest.c >&5
configure:6763: $? = 0
configure:6939: checking for mt
configure:6969: result: no
configure:6989: checking if : is a manifest tool
configure:6995: : '-?'
configure:7003: result: no
configure:7645: checking how to run the C preprocessor
configure:7676: gcc -E  conftest.c
configure:7676: $? = 0
configure:7690: gcc -E  conftest.c
conftest.c:12:10: fatal error: ac_nonexistent.h: No such file or directory
 #include <ac_nonexistent.h>
          ^~~~~~~~~~~~~~~~~~
compilation terminated.
configure:7690: $? = 1
configure: failed program was:
| /* confdefs.h */
| #define PACKAGE_NAME "cdo"
| #define PACKAGE_TARNAME "cdo"
| #define PACKAGE_VERSION "1.9.1"
| #define PACKAGE_STRING "cdo 1.9.1"
| #define PACKAGE_BUGREPORT "http://mpimet.mpg.de/cdo"
| #define PACKAGE_URL ""
| #define CDO "1.9.1"
| #define PACKAGE "cdo"
| #define VERSION "1.9.1"
| /* end confdefs.h.  */
| #include <ac_nonexistent.h>
configure:7715: result: gcc -E
configure:7735: gcc -E  conftest.c
configure:7735: $? = 0
configure:7749: gcc -E  conftest.c
conftest.c:12:10: fatal error: ac_nonexistent.h: No such file or directory
 #include <ac_nonexistent.h>
          ^~~~~~~~~~~~~~~~~~
compilation terminated.
configure:7749: $? = 1
configure: failed program was:
| /* confdefs.h */
| #define PACKAGE_NAME "cdo"
| #define PACKAGE_TARNAME "cdo"
| #define PACKAGE_VERSION "1.9.1"
| #define PACKAGE_STRING "cdo 1.9.1"
| #define PACKAGE_BUGREPORT "http://mpimet.mpg.de/cdo"
| #define PACKAGE_URL ""
| #define CDO "1.9.1"
| #define PACKAGE "cdo"
| #define VERSION "1.9.1"
| /* end confdefs.h.  */
| #include <ac_nonexistent.h>
configure:7778: checking for ANSI C header files
configure:7798: gcc -c -g -O2  conftest.c >&5
configure:7798: $? = 0
configure:7871: gcc -o conftest -g -O2   conftest.c  >&5
configure:7871: $? = 0
configure:7871: ./conftest
configure:7871: $? = 0
configure:7882: result: yes
configure:7895: checking for sys/types.h
configure:7895: gcc -c -g -O2  conftest.c >&5
configure:7895: $? = 0
configure:7895: result: yes
configure:7895: checking for sys/stat.h
configure:7895: gcc -c -g -O2  conftest.c >&5
configure:7895: $? = 0
configure:7895: result: yes
configure:7895: checking for stdlib.h
configure:7895: gcc -c -g -O2  conftest.c >&5
configure:7895: $? = 0
configure:7895: result: yes
configure:7895: checking for string.h
configure:7895: gcc -c -g -O2  conftest.c >&5
configure:7895: $? = 0
configure:7895: result: yes
configure:7895: checking for memory.h
configure:7895: gcc -c -g -O2  conftest.c >&5
configure:7895: $? = 0
configure:7895: result: yes
configure:7895: checking for strings.h
configure:7895: gcc -c -g -O2  conftest.c >&5
configure:7895: $? = 0
configure:7895: result: yes
configure:7895: checking for inttypes.h
configure:7895: gcc -c -g -O2  conftest.c >&5
configure:7895: $? = 0
configure:7895: result: yes
configure:7895: checking for stdint.h
configure:7895: gcc -c -g -O2  conftest.c >&5
configure:7895: $? = 0
configure:7895: result: yes
configure:7895: checking for unistd.h
configure:7895: gcc -c -g -O2  conftest.c >&5
configure:7895: $? = 0
configure:7895: result: yes
configure:7909: checking for dlfcn.h
configure:7909: gcc -c -g -O2  conftest.c >&5
configure:7909: $? = 0
configure:7909: result: yes
configure:8115: checking for objdir
configure:8130: result: .libs
configure:8401: checking if gcc supports -fno-rtti -fno-exceptions
configure:8419: gcc -c -g -O2  -fno-rtti -fno-exceptions conftest.c >&5
cc1: warning: command line option '-fno-rtti' is valid for C++/ObjC++ but not for C
configure:8423: $? = 0
configure:8436: result: no
configure:8763: checking for gcc option to produce PIC
configure:8770: result: -fPIC -DPIC
configure:8778: checking if gcc PIC flag -fPIC -DPIC works
configure:8796: gcc -c -g -O2  -fPIC -DPIC -DPIC conftest.c >&5
configure:8800: $? = 0
configure:8813: result: yes
configure:8842: checking if gcc static flag -static works
configure:8870: result: yes
configure:8885: checking if gcc supports -c -o file.o
configure:8906: gcc -c -g -O2  -o out/conftest2.o conftest.c >&5
configure:8910: $? = 0
configure:8932: result: yes
configure:8940: checking if gcc supports -c -o file.o
configure:8987: result: yes
configure:9020: checking whether the gcc linker (/usr/bin/ld -m elf_x86_64) supports shared libraries
configure:10173: result: yes
configure:10210: checking whether -lc should be explicitly linked in
configure:10218: gcc -c -g -O2  conftest.c >&5
configure:10221: $? = 0
configure:10236: gcc -shared  -fPIC -DPIC conftest.o  -v -Wl,-soname -Wl,conftest -o conftest 2\>\&1 \| /bin/grep  -lc  \>/dev/null 2\>\&1
configure:10239: $? = 0
configure:10253: result: no
configure:10413: checking dynamic linker characteristics
configure:10924: gcc -o conftest -g -O2   -Wl,-rpath -Wl,/foo conftest.c  >&5
configure:10924: $? = 0
configure:11146: result: GNU/Linux ld.so
configure:11253: checking how to hardcode library paths into programs
configure:11278: result: immediate
configure:11818: checking whether stripping libraries is possible
configure:11823: result: yes
configure:11858: checking if libtool supports shared libraries
configure:11860: result: yes
configure:11863: checking whether to build shared libraries
configure:11884: result: yes
configure:11887: checking whether to build static libraries
configure:11891: result: yes
configure:8986: checking for bash
configure:9016: result: /bin/bash
configure:9083: checking for gcc
configure:9110: result: gcc
configure:9175: checking for g++
configure:9191: found /usr/bin/g++
configure:9202: result: g++
configure:9224: checking for gcc option to accept ISO C99
configure:9373: gcc  -c -g -O2  conftest.c >&5
configure:9373: $? = 0
configure:9386: result: none needed
configure:9514: checking for C++ compiler version
configure:9523: g++ --version >&5
g++ (Debian 8.3.0-6) 8.3.0
Copyright (C) 2018 Free Software Foundation, Inc.
This is free software; see the source for copying conditions.  There is NO
warranty; not even for MERCHANTABILITY or FITNESS FOR A PARTICULAR PURPOSE.

configure:9534: $? = 0
configure:9523: g++ -v >&5
Using built-in specs.
COLLECT_GCC=g++
COLLECT_LTO_WRAPPER=/usr/lib/gcc/x86_64-linux-gnu/8/lto-wrapper
OFFLOAD_TARGET_NAMES=nvptx-none
OFFLOAD_TARGET_DEFAULT=1
Target: x86_64-linux-gnu
Configured with: ../src/configure -v --with-pkgversion='Debian 8.3.0-6' --with-bugurl=file:///usr/share/doc/gcc-8/README.Bugs --enable-languages=c,ada,c++,go,brig,d,fortran,objc,obj-c++ --prefix=/usr --with-gcc-major-version-only --program-suffix=-8 --program-prefix=x86_64-linux-gnu- --enable-shared --enable-linker-build-id --libexecdir=/usr/lib --without-included-gettext --enable-threads=posix --libdir=/usr/lib --enable-nls --enable-bootstrap --enable-clocale=gnu --enable-libstdcxx-debug --enable-libstdcxx-time=yes --with-default-libstdcxx-abi=new --enable-gnu-unique-object --disable-vtable-verify --enable-libmpx --enable-plugin --enable-default-pie --with-system-zlib --with-target-system-zlib --enable-objc-gc=auto --enable-multiarch --disable-werror --with-arch-32=i686 --with-abi=m64 --with-multilib-list=m32,m64,mx32 --enable-multilib --with-tune=generic --enable-offload-targets=nvptx-none --without-cuda-driver --enable-checking=release --build=x86_64-linux-gnu --host=x86_64-linux-gnu --target=x86_64-linux-gnu
Thread model: posix
gcc version 8.3.0 (Debian 8.3.0-6) 
configure:9534: $? = 0
configure:9523: g++ -V >&5
g++: error: unrecognized command line option '-V'
g++: fatal error: no input files
compilation terminated.
configure:9534: $? = 1
configure:9523: g++ -qversion >&5
g++: error: unrecognized command line option '-qversion'; did you mean '--version'?
g++: fatal error: no input files
compilation terminated.
configure:9534: $? = 1
configure:9538: checking whether we are using the GNU C++ compiler
configure:9557: g++ -c   conftest.cpp >&5
configure:9557: $? = 0
configure:9566: result: yes
configure:9575: checking whether g++ accepts -g
configure:9595: g++ -c -g  conftest.cpp >&5
configure:9595: $? = 0
configure:9636: result: yes
configure:9661: checking dependency style of g++
configure:9772: result: gcc3
configure:9805: checking how to run the C++ preprocessor
configure:9832: g++ -E  conftest.cpp
configure:9832: $? = 0
configure:9846: g++ -E  conftest.cpp
conftest.cpp:24:10: fatal error: ac_nonexistent.h: No such file or directory
 #include <ac_nonexistent.h>
          ^~~~~~~~~~~~~~~~~~
compilation terminated.
configure:9846: $? = 1
configure: failed program was:
| /* confdefs.h */
| #define PACKAGE_NAME "cdo"
| #define PACKAGE_TARNAME "cdo"
| #define PACKAGE_VERSION "1.9.1"
| #define PACKAGE_STRING "cdo 1.9.1"
| #define PACKAGE_BUGREPORT "http://mpimet.mpg.de/cdo"
| #define PACKAGE_URL ""
| #define CDO "1.9.1"
| #define PACKAGE "cdo"
| #define VERSION "1.9.1"
| #define STDC_HEADERS 1
| #define HAVE_SYS_TYPES_H 1
| #define HAVE_SYS_STAT_H 1
| #define HAVE_STDLIB_H 1
| #define HAVE_STRING_H 1
| #define HAVE_MEMORY_H 1
| #define HAVE_STRINGS_H 1
| #define HAVE_INTTYPES_H 1
| #define HAVE_STDINT_H 1
| #define HAVE_UNISTD_H 1
| #define HAVE_DLFCN_H 1
| #define LT_OBJDIR ".libs/"
| /* end confdefs.h.  */
| #include <ac_nonexistent.h>
configure:9871: result: g++ -E
configure:9891: g++ -E  conftest.cpp
configure:9891: $? = 0
configure:9905: g++ -E  conftest.cpp
conftest.cpp:24:10: fatal error: ac_nonexistent.h: No such file or directory
 #include <ac_nonexistent.h>
          ^~~~~~~~~~~~~~~~~~
compilation terminated.
configure:9905: $? = 1
configure: failed program was:
| /* confdefs.h */
| #define PACKAGE_NAME "cdo"
| #define PACKAGE_TARNAME "cdo"
| #define PACKAGE_VERSION "1.9.1"
| #define PACKAGE_STRING "cdo 1.9.1"
| #define PACKAGE_BUGREPORT "http://mpimet.mpg.de/cdo"
| #define PACKAGE_URL ""
| #define CDO "1.9.1"
| #define PACKAGE "cdo"
| #define VERSION "1.9.1"
| #define STDC_HEADERS 1
| #define HAVE_SYS_TYPES_H 1
| #define HAVE_SYS_STAT_H 1
| #define HAVE_STDLIB_H 1
| #define HAVE_STRING_H 1
| #define HAVE_MEMORY_H 1
| #define HAVE_STRINGS_H 1
| #define HAVE_INTTYPES_H 1
| #define HAVE_STDINT_H 1
| #define HAVE_UNISTD_H 1
| #define HAVE_DLFCN_H 1
| #define LT_OBJDIR ".libs/"
| /* end confdefs.h.  */
| #include <ac_nonexistent.h>
configure:10074: checking for ld used by g++
configure:10141: result: /usr/bin/ld -m elf_x86_64
configure:10148: checking if the linker (/usr/bin/ld -m elf_x86_64) is GNU ld
configure:10163: result: yes
configure:10218: checking whether the g++ linker (/usr/bin/ld -m elf_x86_64) supports shared libraries
configure:11223: result: yes
configure:11259: g++ -c -g -O2  conftest.cpp >&5
configure:11262: $? = 0
configure:11782: checking for g++ option to produce PIC
configure:11789: result: -fPIC -DPIC
configure:11797: checking if g++ PIC flag -fPIC -DPIC works
configure:11815: g++ -c -g -O2  -fPIC -DPIC -DPIC conftest.cpp >&5
configure:11819: $? = 0
configure:11832: result: yes
configure:11855: checking if g++ static flag -static works
configure:11883: result: yes
configure:11895: checking if g++ supports -c -o file.o
configure:11916: g++ -c -g -O2  -o out/conftest2.o conftest.cpp >&5
configure:11920: $? = 0
configure:11942: result: yes
configure:11947: checking if g++ supports -c -o file.o
configure:11994: result: yes
configure:12024: checking whether the g++ linker (/usr/bin/ld -m elf_x86_64) supports shared libraries
configure:12060: result: yes
configure:12201: checking dynamic linker characteristics
configure:12868: result: GNU/Linux ld.so
configure:12921: checking how to hardcode library paths into programs
configure:12946: result: immediate
configure:11926: checking for C/C++ restrict keyword
configure:11951: gcc -c -g -O2  conftest.c >&5
configure:11951: $? = 0
configure:11959: result: __restrict
configure:11979: checking whether g++ supports C++11 features by default
configure:12273: g++ -c -g -O2  conftest.cpp >&5
configure:12273: $? = 0
configure:12280: result: yes
configure:12965: checking for gcc option to support OpenMP
configure:12980: gcc -o conftest -g -O2   conftest.c  >&5
conftest.c:28:2: error: unknown type name 'choke'
  choke me
  ^~~~~
conftest.c:28:10: error: expected ';' before 'typedef'
  choke me
          ^
          ;
configure:12980: $? = 1
configure: failed program was:
| /* confdefs.h */
| #define PACKAGE_NAME "cdo"
| #define PACKAGE_TARNAME "cdo"
| #define PACKAGE_VERSION "1.9.1"
| #define PACKAGE_STRING "cdo 1.9.1"
| #define PACKAGE_BUGREPORT "http://mpimet.mpg.de/cdo"
| #define PACKAGE_URL ""
| #define CDO "1.9.1"
| #define PACKAGE "cdo"
| #define VERSION "1.9.1"
| #define STDC_HEADERS 1
| #define HAVE_SYS_TYPES_H 1
| #define HAVE_SYS_STAT_H 1
| #define HAVE_STDLIB_H 1
| #define HAVE_STRING_H 1
| #define HAVE_MEMORY_H 1
| #define HAVE_STRINGS_H 1
| #define HAVE_INTTYPES_H 1
| #define HAVE_STDINT_H 1
| #define HAVE_UNISTD_H 1
| #define HAVE_DLFCN_H 1
| #define LT_OBJDIR ".libs/"
| #define restrict __restrict
| #define HAVE_CXX11 1
| /* end confdefs.h.  */
| 
| #ifndef _OPENMP
|  choke me
| #endif
| #include <omp.h>
| int main () { return omp_get_num_threads (); }
| 
configure:12997: gcc -o conftest -g -O2 -fopenmp   conftest.c  >&5
configure:12997: $? = 0
configure:13011: result: -fopenmp
configure:13065: checking for ar
configure:13092: result: ar
configure:13249: checking for ld
configure:13276: result: /usr/bin/ld -m elf_x86_64
configure:13341: checking for nm
configure:13368: result: /usr/bin/nm -B
configure:13433: checking for ar
configure:13460: result: ar
configure:13525: checking for as
configure:13541: found /usr/bin/as
configure:13552: result: as
configure:13617: checking for dlltool
configure:13644: result: false
configure:13709: checking for objdump
configure:13736: result: objdump
configure:13801: checking for strip
configure:13828: result: strip
configure:13893: checking for ranlib
configure:13920: result: ranlib
configure:13955: checking for special C compiler options needed for large files
configure:14000: result: no
configure:14006: checking for _FILE_OFFSET_BITS value needed for large files
configure:14031: gcc -c -g -O2  conftest.c >&5
configure:14031: $? = 0
configure:14063: result: no
configure:14154: checking for stdlib.h
configure:14154: result: yes
configure:14154: checking for unistd.h
configure:14154: result: yes
configure:14154: checking for sys/param.h
configure:14154: gcc -c -g -O2  conftest.c >&5
configure:14154: $? = 0
configure:14154: result: yes
configure:14174: checking for getpagesize
configure:14174: gcc -o conftest -g -O2   conftest.c  >&5
configure:14174: $? = 0
configure:14174: result: yes
configure:14183: checking for working mmap
configure:14330: gcc -o conftest -g -O2   conftest.c  >&5
configure:14330: $? = 0
configure:14330: ./conftest
configure:14330: $? = 0
configure:14340: result: yes
configure:14351: checking for malloc in -lmalloc
configure:14376: gcc -o conftest -g -O2   conftest.c -lmalloc   >&5
conftest.c:38:6: warning: conflicting types for built-in function 'malloc' [-Wbuiltin-declaration-mismatch]
 char malloc ();
      ^~~~~~
/usr/bin/ld: cannot find -lmalloc
collect2: error: ld returned 1 exit status
configure:14376: $? = 1
configure: failed program was:
| /* confdefs.h */
| #define PACKAGE_NAME "cdo"
| #define PACKAGE_TARNAME "cdo"
| #define PACKAGE_VERSION "1.9.1"
| #define PACKAGE_STRING "cdo 1.9.1"
| #define PACKAGE_BUGREPORT "http://mpimet.mpg.de/cdo"
| #define PACKAGE_URL ""
| #define CDO "1.9.1"
| #define PACKAGE "cdo"
| #define VERSION "1.9.1"
| #define STDC_HEADERS 1
| #define HAVE_SYS_TYPES_H 1
| #define HAVE_SYS_STAT_H 1
| #define HAVE_STDLIB_H 1
| #define HAVE_STRING_H 1
| #define HAVE_MEMORY_H 1
| #define HAVE_STRINGS_H 1
| #define HAVE_INTTYPES_H 1
| #define HAVE_STDINT_H 1
| #define HAVE_UNISTD_H 1
| #define HAVE_DLFCN_H 1
| #define LT_OBJDIR ".libs/"
| #define restrict __restrict
| #define HAVE_CXX11 1
| #define HAVE_STDLIB_H 1
| #define HAVE_UNISTD_H 1
| #define HAVE_SYS_PARAM_H 1
| #define HAVE_GETPAGESIZE 1
| #define HAVE_MMAP 1
| /* end confdefs.h.  */
| 
| /* Override any GCC internal prototype to avoid an error.
|    Use char because int might match the return type of a GCC
|    builtin and then its argument prototype would still apply.  */
| #ifdef __cplusplus
| extern "C"
| #endif
| char malloc ();
| int
| main ()
| {
| return malloc ();
|   ;
|   return 0;
| }
configure:14385: result: no
configure:14398: checking for struct stat.st_blksize
configure:14398: gcc -c -g -O2  conftest.c >&5
configure:14398: $? = 0
configure:14398: result: yes
configure:14412: checking sys/resource.h usability
configure:14412: gcc -c -g -O2  conftest.c >&5
configure:14412: $? = 0
configure:14412: result: yes
configure:14412: checking sys/resource.h presence
configure:14412: gcc -E  conftest.c
configure:14412: $? = 0
configure:14412: result: yes
configure:14412: checking for sys/resource.h
configure:14412: result: yes
configure:14424: checking sys/times.h usability
configure:14424: gcc -c -g -O2  conftest.c >&5
configure:14424: $? = 0
configure:14424: result: yes
configure:14424: checking sys/times.h presence
configure:14424: gcc -E  conftest.c
configure:14424: $? = 0
configure:14424: result: yes
configure:14424: checking for sys/times.h
configure:14424: result: yes
configure:14436: checking malloc.h usability
configure:14436: gcc -c -g -O2  conftest.c >&5
configure:14436: $? = 0
configure:14436: result: yes
configure:14436: checking malloc.h presence
configure:14436: gcc -E  conftest.c
configure:14436: $? = 0
configure:14436: result: yes
configure:14436: checking for malloc.h
configure:14436: result: yes
configure:14448: checking glob.h usability
configure:14448: gcc -c -g -O2  conftest.c >&5
configure:14448: $? = 0
configure:14448: result: yes
configure:14448: checking glob.h presence
configure:14448: gcc -E  conftest.c
configure:14448: $? = 0
configure:14448: result: yes
configure:14448: checking for glob.h
configure:14448: result: yes
configure:14460: checking fnmatch.h usability
configure:14460: gcc -c -g -O2  conftest.c >&5
configure:14460: $? = 0
configure:14460: result: yes
configure:14460: checking fnmatch.h presence
configure:14460: gcc -E  conftest.c
configure:14460: $? = 0
configure:14460: result: yes
configure:14460: checking for fnmatch.h
configure:14460: result: yes
configure:14472: checking wordexp.h usability
configure:14472: gcc -c -g -O2  conftest.c >&5
configure:14472: $? = 0
configure:14472: result: yes
configure:14472: checking wordexp.h presence
configure:14472: gcc -E  conftest.c
configure:14472: $? = 0
configure:14472: result: yes
configure:14472: checking for wordexp.h
configure:14472: result: yes
configure:14484: checking execinfo.h usability
configure:14484: gcc -c -g -O2  conftest.c >&5
configure:14484: $? = 0
configure:14484: result: yes
configure:14484: checking execinfo.h presence
configure:14484: gcc -E  conftest.c
configure:14484: $? = 0
configure:14484: result: yes
configure:14484: checking for execinfo.h
configure:14484: result: yes
configure:14498: checking for mallinfo
configure:14498: gcc -o conftest -g -O2   conftest.c  >&5
configure:14498: $? = 0
configure:14498: result: yes
configure:14509: checking for backtrace
configure:14509: gcc -o conftest -g -O2   conftest.c  >&5
configure:14509: $? = 0
configure:14509: result: yes
configure:14522: checking for getrlimit
configure:14522: gcc -o conftest -g -O2   conftest.c  >&5
configure:14522: $? = 0
configure:14522: result: yes
configure:14533: checking for gethostname
configure:14533: gcc -o conftest -g -O2   conftest.c  >&5
configure:14533: $? = 0
configure:14533: result: yes
configure:14619: checking for floor in -lm
configure:14644: gcc -o conftest -g -O2   conftest.c -lm   >&5
conftest.c:55:6: warning: conflicting types for built-in function 'floor' [-Wbuiltin-declaration-mismatch]
 char floor ();
      ^~~~~
configure:14644: $? = 0
configure:14653: result: yes
configure:14666: checking whether isnan is declared
configure:14666: gcc -c -g -O2  conftest.c >&5
configure:14666: $? = 0
configure:14666: result: yes
configure:14681: checking for sqrtl
configure:14681: gcc -o conftest -g -O2   conftest.c -lm  >&5
conftest.c:73:6: warning: conflicting types for built-in function 'sqrtl' [-Wbuiltin-declaration-mismatch]
 char sqrtl ();
      ^~~~~
configure:14681: $? = 0
configure:14681: result: yes
configure:14692: checking for feenableexcept
configure:14692: gcc -o conftest -g -O2   conftest.c -lm  >&5
configure:14692: $? = 0
configure:14692: result: yes
configure:14702: checking for fenv_t.__control
configure:14702: gcc -c -g -O2  conftest.c >&5
conftest.c: In function 'main':
conftest.c:58:13: error: 'fenv_t' {aka 'struct <anonymous>'} has no member named '__control'; did you mean '__control_word'?
 if (ac_aggr.__control)
             ^~~~~~~~~
             __control_word
configure:14702: $? = 1
configure: failed program was:
| /* confdefs.h */
| #define PACKAGE_NAME "cdo"
| #define PACKAGE_TARNAME "cdo"
| #define PACKAGE_VERSION "1.9.1"
| #define PACKAGE_STRING "cdo 1.9.1"
| #define PACKAGE_BUGREPORT "http://mpimet.mpg.de/cdo"
| #define PACKAGE_URL ""
| #define CDO "1.9.1"
| #define PACKAGE "cdo"
| #define VERSION "1.9.1"
| #define STDC_HEADERS 1
| #define HAVE_SYS_TYPES_H 1
| #define HAVE_SYS_STAT_H 1
| #define HAVE_STDLIB_H 1
| #define HAVE_STRING_H 1
| #define HAVE_MEMORY_H 1
| #define HAVE_STRINGS_H 1
| #define HAVE_INTTYPES_H 1
| #define HAVE_STDINT_H 1
| #define HAVE_UNISTD_H 1
| #define HAVE_DLFCN_H 1
| #define LT_OBJDIR ".libs/"
| #define restrict __restrict
| #define HAVE_CXX11 1
| #define HAVE_STDLIB_H 1
| #define HAVE_UNISTD_H 1
| #define HAVE_SYS_PARAM_H 1
| #define HAVE_GETPAGESIZE 1
| #define HAVE_MMAP 1
| #define HAVE_STRUCT_STAT_ST_BLKSIZE 1
| #define HAVE_SYS_RESOURCE_H 1
| #define HAVE_SYS_TIMES_H 1
| #define HAVE_MALLOC_H 1
| #define HAVE_GLOB_H 1
| #define HAVE_FNMATCH_H 1
| #define HAVE_WORDEXP_H 1
| #define HAVE_EXECINFO_H 1
| #define HAVE_MALLINFO 1
| #define HAVE_BACKTRACE 1
| #define HAVE_GETRLIMIT 1
| #define HAVE_GETHOSTNAME 1
| #define CXX_VERSION "g++ (Debian 8.3.0-6) 8.3.0"
| #define C_VERSION "gcc (Debian 8.3.0-6) 8.3.0"
| #define USER_NAME "unknown"
| #define HOST_NAME "srv-colbsh0l5elc73fcm17g-hibernate-6db4c8bb45-9v22t"
| #define SYSTEM_TYPE "x86_64-unknown-linux-gnu"
| #define HAVE_LIBM 1
| #define HAVE_DECL_ISNAN 1
| #define HAVE_SQRTL 1
| #define HAVE_FEENABLEEXCEPT 1
| /* end confdefs.h.  */
| #include <fenv.h>
| 
| int
| main ()
| {
| static fenv_t ac_aggr;
| if (ac_aggr.__control)
| return 0;
|   ;
|   return 0;
| }
configure:14702: gcc -c -g -O2  conftest.c >&5
conftest.c: In function 'main':
conftest.c:58:20: error: 'fenv_t' {aka 'struct <anonymous>'} has no member named '__control'; did you mean '__control_word'?
 if (sizeof ac_aggr.__control)
                    ^~~~~~~~~
                    __control_word
configure:14702: $? = 1
configure: failed program was:
| /* confdefs.h */
| #define PACKAGE_NAME "cdo"
| #define PACKAGE_TARNAME "cdo"
| #define PACKAGE_VERSION "1.9.1"
| #define PACKAGE_STRING "cdo 1.9.1"
| #define PACKAGE_BUGREPORT "http://mpimet.mpg.de/cdo"
| #define PACKAGE_URL ""
| #define CDO "1.9.1"
| #define PACKAGE "cdo"
| #define VERSION "1.9.1"
| #define STDC_HEADERS 1
| #define HAVE_SYS_TYPES_H 1
| #define HAVE_SYS_STAT_H 1
| #define HAVE_STDLIB_H 1
| #define HAVE_STRING_H 1
| #define HAVE_MEMORY_H 1
| #define HAVE_STRINGS_H 1
| #define HAVE_INTTYPES_H 1
| #define HAVE_STDINT_H 1
| #define HAVE_UNISTD_H 1
| #define HAVE_DLFCN_H 1
| #define LT_OBJDIR ".libs/"
| #define restrict __restrict
| #define HAVE_CXX11 1
| #define HAVE_STDLIB_H 1
| #define HAVE_UNISTD_H 1
| #define HAVE_SYS_PARAM_H 1
| #define HAVE_GETPAGESIZE 1
| #define HAVE_MMAP 1
| #define HAVE_STRUCT_STAT_ST_BLKSIZE 1
| #define HAVE_SYS_RESOURCE_H 1
| #define HAVE_SYS_TIMES_H 1
| #define HAVE_MALLOC_H 1
| #define HAVE_GLOB_H 1
| #define HAVE_FNMATCH_H 1
| #define HAVE_WORDEXP_H 1
| #define HAVE_EXECINFO_H 1
| #define HAVE_MALLINFO 1
| #define HAVE_BACKTRACE 1
| #define HAVE_GETRLIMIT 1
| #define HAVE_GETHOSTNAME 1
| #define CXX_VERSION "g++ (Debian 8.3.0-6) 8.3.0"
| #define C_VERSION "gcc (Debian 8.3.0-6) 8.3.0"
| #define USER_NAME "unknown"
| #define HOST_NAME "srv-colbsh0l5elc73fcm17g-hibernate-6db4c8bb45-9v22t"
| #define SYSTEM_TYPE "x86_64-unknown-linux-gnu"
| #define HAVE_LIBM 1
| #define HAVE_DECL_ISNAN 1
| #define HAVE_SQRTL 1
| #define HAVE_FEENABLEEXCEPT 1
| /* end confdefs.h.  */
| #include <fenv.h>
| 
| int
| main ()
| {
| static fenv_t ac_aggr;
| if (sizeof ac_aggr.__control)
| return 0;
|   ;
|   return 0;
| }
configure:14702: result: no
configure:14712: checking for fenv_t.__mxcsr
configure:14712: gcc -c -g -O2  conftest.c >&5
configure:14712: $? = 0
configure:14712: result: yes
configure:14735: checking for DATA support
configure:14749: result: 
configure:14894: checking if compiler needs -Werror to reject unknown flags
configure:14910: gcc -c -g -O2 -fopenmp -Werror -Wunknown-warning-option -Wsizeof-array-argument  conftest.c >&5
gcc: error: unrecognized command line option '-Wunknown-warning-option'
configure:14910: $? = 1
configure: failed program was:
| /* confdefs.h */
| #define PACKAGE_NAME "cdo"
| #define PACKAGE_TARNAME "cdo"
| #define PACKAGE_VERSION "1.9.1"
| #define PACKAGE_STRING "cdo 1.9.1"
| #define PACKAGE_BUGREPORT "http://mpimet.mpg.de/cdo"
| #define PACKAGE_URL ""
| #define CDO "1.9.1"
| #define PACKAGE "cdo"
| #define VERSION "1.9.1"
| #define STDC_HEADERS 1
| #define HAVE_SYS_TYPES_H 1
| #define HAVE_SYS_STAT_H 1
| #define HAVE_STDLIB_H 1
| #define HAVE_STRING_H 1
| #define HAVE_MEMORY_H 1
| #define HAVE_STRINGS_H 1
| #define HAVE_INTTYPES_H 1
| #define HAVE_STDINT_H 1
| #define HAVE_UNISTD_H 1
| #define HAVE_DLFCN_H 1
| #define LT_OBJDIR ".libs/"
| #define restrict __restrict
| #define HAVE_CXX11 1
| #define HAVE_STDLIB_H 1
| #define HAVE_UNISTD_H 1
| #define HAVE_SYS_PARAM_H 1
| #define HAVE_GETPAGESIZE 1
| #define HAVE_MMAP 1
| #define HAVE_STRUCT_STAT_ST_BLKSIZE 1
| #define HAVE_SYS_RESOURCE_H 1
| #define HAVE_SYS_TIMES_H 1
| #define HAVE_MALLOC_H 1
| #define HAVE_GLOB_H 1
| #define HAVE_FNMATCH_H 1
| #define HAVE_WORDEXP_H 1
| #define HAVE_EXECINFO_H 1
| #define HAVE_MALLINFO 1
| #define HAVE_BACKTRACE 1
| #define HAVE_GETRLIMIT 1
| #define HAVE_GETHOSTNAME 1
| #define CXX_VERSION "g++ (Debian 8.3.0-6) 8.3.0"
| #define C_VERSION "gcc (Debian 8.3.0-6) 8.3.0"
| #define USER_NAME "unknown"
| #define HOST_NAME "srv-colbsh0l5elc73fcm17g-hibernate-6db4c8bb45-9v22t"
| #define SYSTEM_TYPE "x86_64-unknown-linux-gnu"
| #define HAVE_LIBM 1
| #define HAVE_DECL_ISNAN 1
| #define HAVE_SQRTL 1
| #define HAVE_FEENABLEEXCEPT 1
| #define HAVE_FENV_T___MXCSR 1
| #define ENABLE_DATA 1
| /* end confdefs.h.  */
| int foo(void);
| int
| main ()
| {
| foo()
|   ;
|   return 0;
| }
configure:14915: result: no
configure:14981: checking for the pthreads library -lpthreads
configure:15019: gcc -o conftest -g -O2 -fopenmp     conftest.c -lpthreads -lm  >&5
/usr/bin/ld: cannot find -lpthreads
collect2: error: ld returned 1 exit status
configure:15019: $? = 1
configure: failed program was:
| /* confdefs.h */
| #define PACKAGE_NAME "cdo"
| #define PACKAGE_TARNAME "cdo"
| #define PACKAGE_VERSION "1.9.1"
| #define PACKAGE_STRING "cdo 1.9.1"
| #define PACKAGE_BUGREPORT "http://mpimet.mpg.de/cdo"
| #define PACKAGE_URL ""
| #define CDO "1.9.1"
| #define PACKAGE "cdo"
| #define VERSION "1.9.1"
| #define STDC_HEADERS 1
| #define HAVE_SYS_TYPES_H 1
| #define HAVE_SYS_STAT_H 1
| #define HAVE_STDLIB_H 1
| #define HAVE_STRING_H 1
| #define HAVE_MEMORY_H 1
| #define HAVE_STRINGS_H 1
| #define HAVE_INTTYPES_H 1
| #define HAVE_STDINT_H 1
| #define HAVE_UNISTD_H 1
| #define HAVE_DLFCN_H 1
| #define LT_OBJDIR ".libs/"
| #define restrict __restrict
| #define HAVE_CXX11 1
| #define HAVE_STDLIB_H 1
| #define HAVE_UNISTD_H 1
| #define HAVE_SYS_PARAM_H 1
| #define HAVE_GETPAGESIZE 1
| #define HAVE_MMAP 1
| #define HAVE_STRUCT_STAT_ST_BLKSIZE 1
| #define HAVE_SYS_RESOURCE_H 1
| #define HAVE_SYS_TIMES_H 1
| #define HAVE_MALLOC_H 1
| #define HAVE_GLOB_H 1
| #define HAVE_FNMATCH_H 1
| #define HAVE_WORDEXP_H 1
| #define HAVE_EXECINFO_H 1
| #define HAVE_MALLINFO 1
| #define HAVE_BACKTRACE 1
| #define HAVE_GETRLIMIT 1
| #define HAVE_GETHOSTNAME 1
| #define CXX_VERSION "g++ (Debian 8.3.0-6) 8.3.0"
| #define C_VERSION "gcc (Debian 8.3.0-6) 8.3.0"
| #define USER_NAME "unknown"
| #define HOST_NAME "srv-colbsh0l5elc73fcm17g-hibernate-6db4c8bb45-9v22t"
| #define SYSTEM_TYPE "x86_64-unknown-linux-gnu"
| #define HAVE_LIBM 1
| #define HAVE_DECL_ISNAN 1
| #define HAVE_SQRTL 1
| #define HAVE_FEENABLEEXCEPT 1
| #define HAVE_FENV_T___MXCSR 1
| #define ENABLE_DATA 1
| /* end confdefs.h.  */
| #include <pthread.h>
|                         static void routine(void *a) { a = 0; }
|                         static void *start_routine(void *a) { return a; }
| int
| main ()
| {
| pthread_t th; pthread_attr_t attr;
|                         pthread_create(&th, 0, start_routine, 0);
|                         pthread_join(th, 0);
|                         pthread_attr_init(&attr);
|                         pthread_cleanup_push(routine, 0);
|                         pthread_cleanup_pop(0) /* ; */
|   ;
|   return 0;
| }
configure:15028: result: no
configure:14926: checking whether pthreads work without any flags
configure:15019: gcc -o conftest -g -O2 -fopenmp     conftest.c  -lm  >&5
configure:15019: $? = 0
configure:15028: result: yes
configure:15047: checking for joinable pthread attribute
configure:15062: gcc -o conftest -g -O2 -fopenmp    conftest.c  -lm  >&5
configure:15062: $? = 0
configure:15068: result: PTHREAD_CREATE_JOINABLE
configure:15078: checking if more special flags are required for pthreads
configure:15093: result: no
configure:15099: checking for PTHREAD_PRIO_INHERIT
configure:15116: gcc -o conftest -g -O2 -fopenmp    conftest.c  -lm  >&5
configure:15116: $? = 0
configure:15125: result: yes
configure:15474: checking for szlib library
configure:15476: result: suppressed
configure:15786: checking for hdf5 library
configure:15788: result: suppressed
configure:15987: checking netcdf.h usability
configure:15987: gcc -c -g -O2 -fopenmp  -I/opt/render/project/src/child-processes/cdo/cdo_exe/include  conftest.c >&5
configure:15987: $? = 0
configure:15987: result: yes
configure:15987: checking netcdf.h presence
configure:15987: gcc -E -I/opt/render/project/src/child-processes/cdo/cdo_exe/include  conftest.c
configure:15987: $? = 0
configure:15987: result: yes
configure:15987: checking for netcdf.h
configure:15987: result: yes
configure:15997: checking for library containing nc_open
configure:16028: gcc -o conftest -g -O2 -fopenmp  -I/opt/render/project/src/child-processes/cdo/cdo_exe/include  -L/opt/render/project/src/child-processes/cdo/cdo_exe/lib  conftest.c  -lm  >&5
/usr/bin/ld: /tmp/ccAWj5f9.o: in function `main':
/opt/render/project/src/child-processes/cdo/cdo-1.9.1/conftest.c:68: undefined reference to `nc_open'
collect2: error: ld returned 1 exit status
configure:16028: $? = 1
configure: failed program was:
| /* confdefs.h */
| #define PACKAGE_NAME "cdo"
| #define PACKAGE_TARNAME "cdo"
| #define PACKAGE_VERSION "1.9.1"
| #define PACKAGE_STRING "cdo 1.9.1"
| #define PACKAGE_BUGREPORT "http://mpimet.mpg.de/cdo"
| #define PACKAGE_URL ""
| #define CDO "1.9.1"
| #define PACKAGE "cdo"
| #define VERSION "1.9.1"
| #define STDC_HEADERS 1
| #define HAVE_SYS_TYPES_H 1
| #define HAVE_SYS_STAT_H 1
| #define HAVE_STDLIB_H 1
| #define HAVE_STRING_H 1
| #define HAVE_MEMORY_H 1
| #define HAVE_STRINGS_H 1
| #define HAVE_INTTYPES_H 1
| #define HAVE_STDINT_H 1
| #define HAVE_UNISTD_H 1
| #define HAVE_DLFCN_H 1
| #define LT_OBJDIR ".libs/"
| #define restrict __restrict
| #define HAVE_CXX11 1
| #define HAVE_STDLIB_H 1
| #define HAVE_UNISTD_H 1
| #define HAVE_SYS_PARAM_H 1
| #define HAVE_GETPAGESIZE 1
| #define HAVE_MMAP 1
| #define HAVE_STRUCT_STAT_ST_BLKSIZE 1
| #define HAVE_SYS_RESOURCE_H 1
| #define HAVE_SYS_TIMES_H 1
| #define HAVE_MALLOC_H 1
| #define HAVE_GLOB_H 1
| #define HAVE_FNMATCH_H 1
| #define HAVE_WORDEXP_H 1
| #define HAVE_EXECINFO_H 1
| #define HAVE_MALLINFO 1
| #define HAVE_BACKTRACE 1
| #define HAVE_GETRLIMIT 1
| #define HAVE_GETHOSTNAME 1
| #define CXX_VERSION "g++ (Debian 8.3.0-6) 8.3.0"
| #define C_VERSION "gcc (Debian 8.3.0-6) 8.3.0"
| #define USER_NAME "unknown"
| #define HOST_NAME "srv-colbsh0l5elc73fcm17g-hibernate-6db4c8bb45-9v22t"
| #define SYSTEM_TYPE "x86_64-unknown-linux-gnu"
| #define HAVE_LIBM 1
| #define HAVE_DECL_ISNAN 1
| #define HAVE_SQRTL 1
| #define HAVE_FEENABLEEXCEPT 1
| #define HAVE_FENV_T___MXCSR 1
| #define ENABLE_DATA 1
| #define HAVE_PTHREAD_PRIO_INHERIT 1
| #define HAVE_LIBPTHREAD 1
| #define HAVE_NETCDF_H 1
| /* end confdefs.h.  */
| 
| /* Override any GCC internal prototype to avoid an error.
|    Use char because int might match the return type of a GCC
|    builtin and then its argument prototype would still apply.  */
| #ifdef __cplusplus
| extern "C"
| #endif
| char nc_open ();
| int
| main ()
| {
| return nc_open ();
|   ;
|   return 0;
| }
configure:16028: gcc -o conftest -g -O2 -fopenmp  -I/opt/render/project/src/child-processes/cdo/cdo_exe/include  -L/opt/render/project/src/child-processes/cdo/cdo_exe/lib  conftest.c -lnetcdf   -lm  >&5
configure:16028: $? = 0
configure:16045: result: -lnetcdf
configure:16060: checking nc-config script
configure:16064: checking for nc-config
configure:16080: found /opt/render/project/src/child-processes/cdo/cdo_exe/bin/nc-config
configure:16091: result: /opt/render/project/src/child-processes/cdo/cdo_exe/bin/nc-config
configure:16100: checking netcdf's OpenDAP support
configure:16106: result: yes
configure:16112: checking netcdf's nc2 support
configure:16119: result: yes
configure:16125: checking netcdf's nc4 support
configure:16132: result: yes
configure:16138: checking netcdf's nc4/hdf5 support
configure:16148: result: no
configure:16426: checking for the UDUNITS2 library
configure:16428: result: suppressed
configure:16592: checking for the CMOR library
configure:16594: result: suppressed
configure:16774: checking for the ECCODES library
configure:16776: result: suppressed
configure:16958: checking for the GRIB_API library
configure:16960: result: suppressed
configure:16969: checking for GRIB support
configure:16986: result: yes
configure:16992: checking for CGRIBEX support
configure:17009: result: yes
configure:17015: checking for SERVICE support
configure:17032: result: yes
configure:17038: checking for EXTRA support
configure:17055: result: yes
configure:17061: checking for IEG support
configure:17078: result: yes
configure:17084: checking for FFTW3 support
configure:17347: checking for the PROJ library
configure:17349: result: suppressed
configure:17529: checking for the CURL library
configure:17531: result: suppressed
configure:17711: checking for MAGICS library
configure:17713: result: suppressed
configure:17916: checking for XML2 library
configure:17918: result: suppressed
configure:17937: checking for build a separate CDI library and link CDO to it
configure:17954: result: no
configure:17978: checking for building an additional static CDO binary
configure:17991: result: no
configure:18003: checking for HIRLAM extensions
configure:18019: result: no
configure:18039: checking if x86/amd64 assembler speaks SSE4.2
configure:18062: gcc -c -g -O2 -fopenmp  -I/opt/render/project/src/child-processes/cdo/cdo_exe/include  conftest.c >&5
configure:18062: $? = 0
configure:18065: result: yes
configure:18090: checking if x86/amd64 assembler speaks AVX
configure:18111: gcc -c -g -O2 -fopenmp  -I/opt/render/project/src/child-processes/cdo/cdo_exe/include  conftest.c >&5
configure:18111: $? = 0
configure:18114: result: yes
configure:18139: checking if x86/amd64 assembler speaks AVX2
configure:18160: gcc -c -g -O2 -fopenmp  -I/opt/render/project/src/child-processes/cdo/cdo_exe/include  conftest.c >&5
configure:18160: $? = 0
configure:18163: result: yes
configure:18213: checking for gawk
configure:18240: result: mawk
configure:18375: checking that generated files are newer than configure
configure:18381: result: done
configure:18440: creating ./config.status

## ---------------------- ##
## Running config.status. ##
## ---------------------- ##

This file was extended by cdo config.status 1.9.1, which was
generated by GNU Autoconf 2.68.  Invocation command line was

  CONFIG_FILES    = 
  CONFIG_HEADERS  = 
  CONFIG_LINKS    = 
  CONFIG_COMMANDS = 
  $ ./config.status 

on srv-colbsh0l5elc73fcm17g-hibernate-6db4c8bb45-9v22t

config.status:1317: creating test/File.test
config.status:1317: creating test/Read_grib.test
config.status:1317: creating test/Read_netcdf.test
config.status:1317: creating test/Copy_netcdf.test
config.status:1317: creating test/Comp.test
config.status:1317: creating test/Compc.test
config.status:1317: creating test/Cat.test
config.status:1317: creating test/Gridarea.test
config.status:1317: creating test/Genweights.test
config.status:1317: creating test/Remap.test
config.status:1317: creating test/Remap2.test
config.status:1317: creating test/Remapeta.test
config.status:1317: creating test/EOF.test
config.status:1317: creating test/Select.test
config.status:1317: creating test/Spectral.test
config.status:1317: creating test/Vertint.test
config.status:1317: creating test/Timstat.test
config.status:1317: creating test/Timselstat.test
config.status:1317: creating test/Seasstat.test
config.status:1317: creating test/Runstat.test
config.status:1317: creating test/Multiyearstat.test
config.status:1317: creating test/Ydrunstat.test
config.status:1317: creating test/Gridboxstat.test
config.status:1317: creating test/Vertstat.test
config.status:1317: creating test/Fldstat.test
config.status:1317: creating test/Fldpctl.test
config.status:1317: creating test/Ensstat.test
config.status:1317: creating test/Enspctl.test
config.status:1317: creating test/Merstat.test
config.status:1317: creating test/Zonstat.test
config.status:1317: creating test/Mergetime.test
config.status:1317: creating test/Afterburner.test
config.status:1317: creating test/Detrend.test
config.status:1317: creating test/Arithc.test
config.status:1317: creating test/Arith.test
config.status:1317: creating test/Expr.test
config.status:1317: creating test/Gradsdes.test
config.status:1317: creating test/Collgrid.test
config.status:1317: creating test/threads.test
config.status:1317: creating test/tsformat.test
config.status:1317: creating test/wildcard.test
config.status:1317: creating test/MapReduce.test
config.status:1317: creating test/Ninfo.test
config.status:1317: creating Makefile
config.status:1317: creating src/Makefile
config.status:1317: creating contrib/Makefile
config.status:1317: creating test/Makefile
config.status:1317: creating test/data/Makefile
config.status:1317: creating cdo.spec
config.status:1317: creating cdo.settings
config.status:1317: creating src/config.h
config.status:1546: executing depfiles commands
config.status:1546: executing libtool commands
configure:21099: === configuring in libcdi (/opt/render/project/src/child-processes/cdo/cdo-1.9.1/libcdi)
configure:21162: running /bin/bash ./configure --disable-option-checking '--prefix=/opt/render/project/src/child-processes/cdo/cdo_exe'  '--enable-netcdf4' '--with-netcdf=/opt/render/project/src/child-processes/cdo/cdo_exe' --cache-file=/dev/null --srcdir=.
configure:21181: CDO is configured with the following options:
configure:21200:

  Configuration completed.

    You can now say 'make' to compile the CDO package and 'make install' to install it afterwards.


## ---------------- ##
## Cache variables. ##
## ---------------- ##

ac_cv_build=x86_64-unknown-linux-gnu
ac_cv_c_compiler_gnu=yes
ac_cv_c_restrict=__restrict
ac_cv_cxx_compiler_gnu=yes
ac_cv_env_CCC_set=
ac_cv_env_CCC_value=
ac_cv_env_CC_set=
ac_cv_env_CC_value=
ac_cv_env_CFLAGS_set=
ac_cv_env_CFLAGS_value=
ac_cv_env_CPPFLAGS_set=
ac_cv_env_CPPFLAGS_value=
ac_cv_env_CPP_set=
ac_cv_env_CPP_value=
ac_cv_env_CXXCPP_set=
ac_cv_env_CXXCPP_value=
ac_cv_env_CXXFLAGS_set=
ac_cv_env_CXXFLAGS_value=
ac_cv_env_CXX_set=
ac_cv_env_CXX_value=
ac_cv_env_LDFLAGS_set=
ac_cv_env_LDFLAGS_value=
ac_cv_env_LIBS_set=
ac_cv_env_LIBS_value=
ac_cv_env_build_alias_set=
ac_cv_env_build_alias_value=
ac_cv_env_host_alias_set=
ac_cv_env_host_alias_value=
ac_cv_env_target_alias_set=
ac_cv_env_target_alias_value=
ac_cv_func_backtrace=yes
ac_cv_func_feenableexcept=yes
ac_cv_func_gethostname=yes
ac_cv_func_getpagesize=yes
ac_cv_func_getrlimit=yes
ac_cv_func_mallinfo=yes
ac_cv_func_mmap_fixed_mapped=yes
ac_cv_func_sqrtl=yes
ac_cv_have_decl_isnan=yes
ac_cv_header_dlfcn_h=yes
ac_cv_header_execinfo_h=yes
ac_cv_header_fnmatch_h=yes
ac_cv_header_glob_h=yes
ac_cv_header_inttypes_h=yes
ac_cv_header_malloc_h=yes
ac_cv_header_memory_h=yes
ac_cv_header_netcdf_h=yes
ac_cv_header_stdc=yes
ac_cv_header_stdint_h=yes
ac_cv_header_stdlib_h=yes
ac_cv_header_string_h=yes
ac_cv_header_strings_h=yes
ac_cv_header_sys_param_h=yes
ac_cv_header_sys_resource_h=yes
ac_cv_header_sys_stat_h=yes
ac_cv_header_sys_times_h=yes
ac_cv_header_sys_types_h=yes
ac_cv_header_unistd_h=yes
ac_cv_header_wordexp_h=yes
ac_cv_host=x86_64-unknown-linux-gnu
ac_cv_lib_m_floor=yes
ac_cv_lib_malloc_malloc=no
ac_cv_member_fenv_t___control=no
ac_cv_member_fenv_t___mxcsr=yes
ac_cv_member_struct_stat_st_blksize=yes
ac_cv_objext=o
ac_cv_path_EGREP='/bin/grep -E'
ac_cv_path_FGREP='/bin/grep -F'
ac_cv_path_GREP=/bin/grep
ac_cv_path_SED=/bin/sed
ac_cv_path_ac_pt_BASH=/bin/bash
ac_cv_path_install='/usr/bin/install -c'
ac_cv_path_mkdir=/bin/mkdir
ac_cv_prog_AWK=mawk
ac_cv_prog_CPP='gcc -E'
ac_cv_prog_CXXCPP='g++ -E'
ac_cv_prog_NC_CONFIG=/opt/render/project/src/child-processes/cdo/cdo_exe/bin/nc-config
ac_cv_prog_ac_ct_AR=ar
ac_cv_prog_ac_ct_AS=as
ac_cv_prog_ac_ct_CC=gcc
ac_cv_prog_ac_ct_CXX=g++
ac_cv_prog_ac_ct_DLLTOOL=false
ac_cv_prog_ac_ct_LD='/usr/bin/ld -m elf_x86_64'
ac_cv_prog_ac_ct_NM='/usr/bin/nm -B'
ac_cv_prog_ac_ct_OBJDUMP=objdump
ac_cv_prog_ac_ct_RANLIB=ranlib
ac_cv_prog_ac_ct_STRIP=strip
ac_cv_prog_c_openmp=-fopenmp
ac_cv_prog_cc_c89=
ac_cv_prog_cc_c99=
ac_cv_prog_cc_g=yes
ac_cv_prog_cxx_g=yes
ac_cv_prog_make_make_set=yes
ac_cv_search_nc_open=-lnetcdf
ac_cv_sys_file_offset_bits=no
ac_cv_sys_largefile_CC=no
am_cv_CC_dependencies_compiler_type=gcc3
am_cv_CXX_dependencies_compiler_type=gcc3
am_cv_ar_interface=ar
am_cv_make_support_nested_variables=yes
am_cv_prog_cc_c_o=yes
ax_cv_PTHREAD_PRIO_INHERIT=yes
ax_cv_cxx_compile_cxx11=yes
lt_cv_ar_at_file=@
lt_cv_archive_cmds_need_lc=no
lt_cv_deplibs_check_method=pass_all
lt_cv_file_magic_cmd='$MAGIC_CMD'
lt_cv_file_magic_test_file=
lt_cv_ld_reload_flag=-r
lt_cv_nm_interface='BSD nm'
lt_cv_objdir=.libs
lt_cv_path_LD=/usr/bin/ld
lt_cv_path_LDCXX='/usr/bin/ld -m elf_x86_64'
lt_cv_path_NM='/usr/bin/nm -B'
lt_cv_path_mainfest_tool=no
lt_cv_prog_compiler_c_o=yes
lt_cv_prog_compiler_c_o_CXX=yes
lt_cv_prog_compiler_pic='-fPIC -DPIC'
lt_cv_prog_compiler_pic_CXX='-fPIC -DPIC'
lt_cv_prog_compiler_pic_works=yes
lt_cv_prog_compiler_pic_works_CXX=yes
lt_cv_prog_compiler_rtti_exceptions=no
lt_cv_prog_compiler_static_works=yes
lt_cv_prog_compiler_static_works_CXX=yes
lt_cv_prog_gnu_ld=yes
lt_cv_prog_gnu_ldcxx=yes
lt_cv_sharedlib_from_linklib_cmd='printf %s\n'
lt_cv_shlibpath_overrides_runpath=yes
lt_cv_sys_global_symbol_pipe='sed -n -e '\''s/^.*[	 ]\([ABCDGIRSTW][ABCDGIRSTW]*\)[	 ][	 ]*\([_A-Za-z][_A-Za-z0-9]*\)$/\1 \2 \2/p'\'' | sed '\''/ __gnu_lto/d'\'''
lt_cv_sys_global_symbol_to_c_name_address='sed -n -e '\''s/^: \([^ ]*\)[ ]*$/  {\"\1\", (void *) 0},/p'\'' -e '\''s/^[ABCDGIRSTW]* \([^ ]*\) \([^ ]*\)$/  {"\2", (void *) \&\2},/p'\'''
lt_cv_sys_global_symbol_to_c_name_address_lib_prefix='sed -n -e '\''s/^: \([^ ]*\)[ ]*$/  {\"\1\", (void *) 0},/p'\'' -e '\''s/^[ABCDGIRSTW]* \([^ ]*\) \(lib[^ ]*\)$/  {"\2", (void *) \&\2},/p'\'' -e '\''s/^[ABCDGIRSTW]* \([^ ]*\) \([^ ]*\)$/  {"lib\2", (void *) \&\2},/p'\'''
lt_cv_sys_global_symbol_to_cdecl='sed -n -e '\''s/^T .* \(.*\)$/extern int \1();/p'\'' -e '\''s/^[ABCDGIRSTW]* .* \(.*\)$/extern char \1;/p'\'''
lt_cv_sys_max_cmd_len=1572864
lt_cv_to_host_file_cmd=func_convert_file_noop
lt_cv_to_tool_file_cmd=func_convert_file_noop

## ----------------- ##
## Output variables. ##
## ----------------- ##

ACLOCAL='${SHELL} /opt/render/project/src/child-processes/cdo/cdo-1.9.1/config/missing aclocal-1.14'
AMDEPBACKSLASH='\'
AMDEP_FALSE='#'
AMDEP_TRUE=''
AMTAR='$${TAR-tar}'
AM_BACKSLASH='\'
AM_CPPFLAGS=''
AM_DEFAULT_V='$(AM_DEFAULT_VERBOSITY)'
AM_DEFAULT_VERBOSITY='1'
AM_V='$(V)'
AR='ar'
AS='as'
AUTOCONF='${SHELL} /opt/render/project/src/child-processes/cdo/cdo-1.9.1/config/missing autoconf'
AUTOHEADER='${SHELL} /opt/render/project/src/child-processes/cdo/cdo-1.9.1/config/missing autoheader'
AUTOMAKE='${SHELL} /opt/render/project/src/child-processes/cdo/cdo-1.9.1/config/missing automake-1.14'
AWK='mawk'
BASH='/bin/bash'
BUILD_AVX2_TESTS_FALSE='#'
BUILD_AVX2_TESTS_TRUE=''
BUILD_AVX_TESTS_FALSE='#'
BUILD_AVX_TESTS_TRUE=''
BUILD_SSE42_TESTS_FALSE='#'
BUILD_SSE42_TESTS_TRUE=''
CC='gcc'
CCDEPMODE='depmode=gcc3'
CFLAGS='-g -O2 -fopenmp '
CLDFLAGS=''
CLIBS=''
CMOR_LIBS=''
CPP='gcc -E'
CPPFLAGS='-I/opt/render/project/src/child-processes/cdo/cdo_exe/include '
CURL_INCLUDE=''
CURL_LDFLAGS=''
CXX='g++'
CXXCPP='g++ -E'
CXXDEPMODE='depmode=gcc3'
CXXFLAGS='-g -O2 -fopenmp '
CYGPATH_W='echo'
DEFS='-DHAVE_CONFIG_H'
DEPDIR='.deps'
DLLTOOL='false'
DSYMUTIL=''
DUMPBIN=''
ECCODES_INCLUDE=''
ECCODES_LIBS=''
ECHO_C=''
ECHO_N='-n'
ECHO_T=''
EGREP='/bin/grep -E'
ENABLE_ALL_STATIC_FALSE=''
ENABLE_ALL_STATIC_TRUE='#'
ENABLE_CDI_LIB='false'
ENABLE_CDI_LIB_FALSE=''
ENABLE_CDI_LIB_TRUE='#'
ENABLE_CGRIBEX='yes'
ENABLE_DATA=''
ENABLE_EXTRA='yes'
ENABLE_GRIB='yes'
ENABLE_GRIBAPI='no'
ENABLE_HIRLAM_EXTENSIONS_FALSE=''
ENABLE_HIRLAM_EXTENSIONS_TRUE='#'
ENABLE_IEG='yes'
ENABLE_MAGICS_FALSE=''
ENABLE_MAGICS_TRUE='#'
ENABLE_NC2='yes'
ENABLE_NC4='yes'
ENABLE_NC4HDF5='no'
ENABLE_NETCDF='yes'
ENABLE_SERVICE='yes'
ENABLE_THREADS='yes'
EXEEXT=''
FCFLAGS=''
FGREP='/bin/grep -F'
GREP='/bin/grep'
GRIB_API_INCLUDE=''
GRIB_API_LIBS=''
HAVE_CXX11='1'
HDF5_INCLUDE=''
HDF5_LIBS=''
HDF5_ROOT=''
HOST_NAME='srv-colbsh0l5elc73fcm17g-hibernate-6db4c8bb45-9v22t'
INSTALL_DATA='${INSTALL} -m 644'
INSTALL_PROGRAM='${INSTALL}'
INSTALL_SCRIPT='${INSTALL}'
INSTALL_STRIP_PROGRAM='$(install_sh) -c -s'
LD='/usr/bin/ld -m elf_x86_64'
LDFLAGS='-L/opt/render/project/src/child-processes/cdo/cdo_exe/lib '
LIBOBJS=''
LIBS='-lnetcdf  -lm '
LIBTOOL='$(SHELL) $(top_builddir)/libtool'
LIPO=''
LN_S='ln -s'
LTLIBOBJS=''
MAGICS_INCLUDE=''
MAGICS_LIBS=''
MAGICS_ROOT=''
MAINT='#'
MAINTAINER_MODE_FALSE=''
MAINTAINER_MODE_TRUE='#'
MAKEINFO='${SHELL} /opt/render/project/src/child-processes/cdo/cdo-1.9.1/config/missing makeinfo'
MANIFEST_TOOL=':'
MKDIR_P='/bin/mkdir -p'
NC_CONFIG='/opt/render/project/src/child-processes/cdo/cdo_exe/bin/nc-config'
NETCDF_INCLUDE=' -I/opt/render/project/src/child-processes/cdo/cdo_exe/include'
NETCDF_LIBS=' -L/opt/render/project/src/child-processes/cdo/cdo_exe/lib -lnetcdf'
NETCDF_ROOT='/opt/render/project/src/child-processes/cdo/cdo_exe'
NM='/usr/bin/nm -B'
NMEDIT=''
OBJDUMP='objdump'
OBJEXT='o'
OPENMP_CFLAGS='-fopenmp'
OTOOL64=''
OTOOL=''
PACKAGE='cdo'
PACKAGE_BUGREPORT='http://mpimet.mpg.de/cdo'
PACKAGE_NAME='cdo'
PACKAGE_STRING='cdo 1.9.1'
PACKAGE_TARNAME='cdo'
PACKAGE_URL=''
PACKAGE_VERSION='1.9.1'
PATH_SEPARATOR=':'
PROJ_INCLUDE=''
PROJ_LDFLAGS=''
PTHREAD_CC='gcc'
PTHREAD_CFLAGS=''
PTHREAD_LIBS=''
RANLIB='ranlib'
SED='/bin/sed'
SET_MAKE=''
SHELL='/bin/bash'
STRIP='strip'
SYSTEM_TYPE='x86_64-unknown-linux-gnu'
SZLIB_INCLUDE=''
SZLIB_LIBS=''
THREADS_INCLUDE=''
THREADS_LIBS=''
UDUNITS_INCLUDE=''
UDUNITS_LDFLAGS=''
USER_NAME='unknown'
VERSION='1.9.1'
XML2_LIBS=''
ac_ct_AR='ar'
ac_ct_CC='gcc'
ac_ct_CXX='g++'
ac_ct_DUMPBIN=''
am__EXEEXT_FALSE=''
am__EXEEXT_TRUE='#'
am__fastdepCC_FALSE='#'
am__fastdepCC_TRUE=''
am__fastdepCXX_FALSE='#'
am__fastdepCXX_TRUE=''
am__include='include'
am__isrc=''
am__leading_dot='.'
am__nodep='_no'
am__quote=''
am__tar='$${TAR-tar} chof - "$$tardir"'
am__untar='$${TAR-tar} xf -'
ax_pthread_config=''
bindir='${exec_prefix}/bin'
build='x86_64-unknown-linux-gnu'
build_alias=''
build_cpu='x86_64'
build_os='linux-gnu'
build_vendor='unknown'
datadir='${datarootdir}'
datarootdir='${prefix}/share'
docdir='${datarootdir}/doc/${PACKAGE_TARNAME}'
dvidir='${docdir}'
exec_prefix='${prefix}'
host='x86_64-unknown-linux-gnu'
host_alias=''
host_cpu='x86_64'
host_os='linux-gnu'
host_vendor='unknown'
htmldir='${docdir}'
includedir='${prefix}/include'
infodir='${datarootdir}/info'
install_sh='${SHELL} /opt/render/project/src/child-processes/cdo/cdo-1.9.1/config/install-sh'
libdir='${exec_prefix}/lib'
libexecdir='${exec_prefix}/libexec'
localedir='${datarootdir}/locale'
localstatedir='${prefix}/var'
mandir='${datarootdir}/man'
mkdir_p='$(MKDIR_P)'
oldincludedir='/usr/include'
pdfdir='${docdir}'
prefix='/opt/render/project/src/child-processes/cdo/cdo_exe'
program_transform_name='s,x,x,'
psdir='${docdir}'
sbindir='${exec_prefix}/sbin'
sharedstatedir='${prefix}/com'
subdirs=' libcdi'
sysconfdir='${prefix}/etc'
target_alias=''

## ----------- ##
## confdefs.h. ##
## ----------- ##

/* confdefs.h */
#define PACKAGE_NAME "cdo"
#define PACKAGE_TARNAME "cdo"
#define PACKAGE_VERSION "1.9.1"
#define PACKAGE_STRING "cdo 1.9.1"
#define PACKAGE_BUGREPORT "http://mpimet.mpg.de/cdo"
#define PACKAGE_URL ""
#define CDO "1.9.1"
#define PACKAGE "cdo"
#define VERSION "1.9.1"
#define STDC_HEADERS 1
#define HAVE_SYS_TYPES_H 1
#define HAVE_SYS_STAT_H 1
#define HAVE_STDLIB_H 1
#define HAVE_STRING_H 1
#define HAVE_MEMORY_H 1
#define HAVE_STRINGS_H 1
#define HAVE_INTTYPES_H 1
#define HAVE_STDINT_H 1
#define HAVE_UNISTD_H 1
#define HAVE_DLFCN_H 1
#define LT_OBJDIR ".libs/"
#define restrict __restrict
#define HAVE_CXX11 1
#define HAVE_STDLIB_H 1
#define HAVE_UNISTD_H 1
#define HAVE_SYS_PARAM_H 1
#define HAVE_GETPAGESIZE 1
#define HAVE_MMAP 1
#define HAVE_STRUCT_STAT_ST_BLKSIZE 1
#define HAVE_SYS_RESOURCE_H 1
#define HAVE_SYS_TIMES_H 1
#define HAVE_MALLOC_H 1
#define HAVE_GLOB_H 1
#define HAVE_FNMATCH_H 1
#define HAVE_WORDEXP_H 1
#define HAVE_EXECINFO_H 1
#define HAVE_MALLINFO 1
#define HAVE_BACKTRACE 1
#define HAVE_GETRLIMIT 1
#define HAVE_GETHOSTNAME 1
#define CXX_VERSION "g++ (Debian 8.3.0-6) 8.3.0"
#define C_VERSION "gcc (Debian 8.3.0-6) 8.3.0"
#define USER_NAME "unknown"
#define HOST_NAME "srv-colbsh0l5elc73fcm17g-hibernate-6db4c8bb45-9v22t"
#define SYSTEM_TYPE "x86_64-unknown-linux-gnu"
#define HAVE_LIBM 1
#define HAVE_DECL_ISNAN 1
#define HAVE_SQRTL 1
#define HAVE_FEENABLEEXCEPT 1
#define HAVE_FENV_T___MXCSR 1
#define ENABLE_DATA 1
#define HAVE_PTHREAD_PRIO_INHERIT 1
#define HAVE_LIBPTHREAD 1
#define HAVE_NETCDF_H 1
#define HAVE_LIBNETCDF 1
#define HAVE_LIBNC_DAP 1
#define HAVE_NETCDF2 1
#define HAVE_NETCDF4 1
#define HAVE_LIBGRIB 1
#define HAVE_LIBCGRIBEX 1
#define HAVE_LIBSERVICE 1
#define HAVE_LIBEXTRA 1
#define HAVE_LIBIEG 1
#define C_COMPILER "gcc -g -O2 -fopenmp "
#define CXX_COMPILER "g++ -g -O2 -fopenmp "

configure: exit 0
